Using pre-set license
Built from '2020.3/china_unity/release' branch; Version is '2020.3.0f1c1 (1e553bf703d9) revision 1987899'; Using compiler version '192528614'; Build Type 'Release'
OS: 'Windows 10 Pro; OS build 19041.1052; Version 2004; 64bit' Language: 'zh' Physical Memory: 32441 MB
BatchMode: 1, IsHumanControllingUs: 0, StartBugReporterOnCrash: 0, Is64bit: 1, IsPro: 0

 COMMAND LINE ARGUMENTS:
C:\Program Files\Unity\Hub\Editor\2020.3.0f1c1\Editor\Unity.exe
-adb2
-batchMode
-noUpm
-name
AssetImportWorker0
-projectPath
A:/UnityProject/Tanks
-logFile
Logs/AssetImportWorker0.log
-srvPort
19360
Successfully changed project path to: A:/UnityProject/Tanks
A:/UnityProject/Tanks
Using Asset Import Pipeline V2.
Refreshing native plugins compatible for Editor in 25.42 ms, found 2 plugins.
Preloading 0 native plugins for Editor in 0.00 ms.
Initialize engine version: 2020.3.0f1c1 (1e553bf703d9)
[Subsystems] Discovering subsystems at path C:/Program Files/Unity/Hub/Editor/2020.3.0f1c1/Editor/Data/Resources/UnitySubsystems
[Subsystems] Discovering subsystems at path A:/UnityProject/Tanks/Assets
GfxDevice: creating device client; threaded=0
Direct3D:
    Version:  Direct3D 11.0 [level 11.1]
    Renderer: NVIDIA GeForce RTX 2080 (ID=0x1e87)
    Vendor:   
    VRAM:     8010 MB
    Driver:   27.21.14.6192
Initialize mono
Mono path[0] = 'C:/Program Files/Unity/Hub/Editor/2020.3.0f1c1/Editor/Data/Managed'
Mono path[1] = 'C:/Program Files/Unity/Hub/Editor/2020.3.0f1c1/Editor/Data/MonoBleedingEdge/lib/mono/unityjit'
Mono config path = 'C:/Program Files/Unity/Hub/Editor/2020.3.0f1c1/Editor/Data/MonoBleedingEdge/etc'
Using monoOptions --debugger-agent=transport=dt_socket,embedding=1,server=y,suspend=n,address=127.0.0.1:56700
Begin MonoManager ReloadAssembly
Registering precompiled unity dll's ...
Register platform support module: C:/Program Files/Unity/Hub/Editor/2020.3.0f1c1/Editor/Data/PlaybackEngines/WindowsStandaloneSupport/UnityEditor.WindowsStandalone.Extensions.dll
Registered in 0.002535 seconds.
Native extension for WindowsStandalone target not found
Refreshing native plugins compatible for Editor in 23.51 ms, found 2 plugins.
Preloading 0 native plugins for Editor in 0.00 ms.
Invoked RoslynAnalysisRunner static constructor.
RoslynAnalysisRunner will not be running.
RoslynAnalysisRunner has terminated.
Mono: successfully reloaded assembly
- Completed reload, in  0.800 seconds
Platform modules already initialized, skipping
Registering precompiled user dll's ...
Registered in 0.002348 seconds.
Begin MonoManager ReloadAssembly
Native extension for WindowsStandalone target not found
Refreshing native plugins compatible for Editor in 0.30 ms, found 2 plugins.
Preloading 0 native plugins for Editor in 0.00 ms.
Invoked RoslynAnalysisRunner static constructor.
RoslynAnalysisRunner will not be running.
RoslynAnalysisRunner has terminated.
Mono: successfully reloaded assembly
- Completed reload, in  0.780 seconds
Platform modules already initialized, skipping
========================================================================
Worker process is ready to serve import requests
Launched and connected shader compiler UnityShaderCompiler.exe after 0.03 seconds
Refreshing native plugins compatible for Editor in 0.28 ms, found 2 plugins.
Preloading 0 native plugins for Editor in 0.00 ms.
Unloading 1550 Unused Serialized files (Serialized files now loaded: 0)
System memory in use before: 83.8 MB.
System memory in use after: 83.9 MB.

Unloading 17 unused Assets to reduce memory usage. Loaded Objects now: 1990.
Total: 1.567800 ms (FindLiveObjects: 0.180000 ms CreateObjectMapping: 0.072400 ms MarkObjects: 1.296100 ms  DeleteObjects: 0.018800 ms)

========================================================================
Received Import Request.
  path: Assets/Scripts/MissileExplosion.cs
  artifactKey: Guid(02b748438bd98054b9f8d20c502a776e) Importer(815301076,1909f56bfc062723c751e8b465ee728b)
Start importing Assets/Scripts/MissileExplosion.cs using Guid(02b748438bd98054b9f8d20c502a776e) Importer(815301076,1909f56bfc062723c751e8b465ee728b)  -> (artifact id: '998109e04ca2af60248b978eee1f7782') in 0.027504 seconds
  Import took 0.029599 seconds .

========================================================================
Received Import Request.
  Time since last request: 0.000163 seconds.
  path: Assets/Scripts
  artifactKey: Guid(dfa068d55f17d334bb70fb0c4b84f323) Importer(815301076,1909f56bfc062723c751e8b465ee728b)
Start importing Assets/Scripts using Guid(dfa068d55f17d334bb70fb0c4b84f323) Importer(815301076,1909f56bfc062723c751e8b465ee728b)  -> (artifact id: 'a37bb817735e0b00870555052601d86b') in 0.005835 seconds
  Import took 0.007806 seconds .

========================================================================
Received Import Request.
  Time since last request: 0.474471 seconds.
  path: Assets/Scripts/ActiveProps.cs
  artifactKey: Guid(3dc387178d0fa204d88e36928021fe29) Importer(815301076,1909f56bfc062723c751e8b465ee728b)
Start importing Assets/Scripts/ActiveProps.cs using Guid(3dc387178d0fa204d88e36928021fe29) Importer(815301076,1909f56bfc062723c751e8b465ee728b)  -> (artifact id: '0207249bb9dfa761be8773b1d69b4905') in 0.001876 seconds
  Import took 0.003939 seconds .

========================================================================
Received Import Request.
  Time since last request: 0.000861 seconds.
  path: Assets/Scripts/ActiveProps.cs
  artifactKey: Guid(3dc387178d0fa204d88e36928021fe29) Importer(815301076,1909f56bfc062723c751e8b465ee728b)
Start importing Assets/Scripts/ActiveProps.cs using Guid(3dc387178d0fa204d88e36928021fe29) Importer(815301076,1909f56bfc062723c751e8b465ee728b)  -> (artifact id: '0207249bb9dfa761be8773b1d69b4905') in 0.001303 seconds
  Import took 0.003183 seconds .

========================================================================
Received Import Request.
  Time since last request: 2.879495 seconds.
  path: Assets/Scripts/PassiveProps.cs
  artifactKey: Guid(5a3352da1c3ba2b49863fa9d520003d8) Importer(815301076,1909f56bfc062723c751e8b465ee728b)
Start importing Assets/Scripts/PassiveProps.cs using Guid(5a3352da1c3ba2b49863fa9d520003d8) Importer(815301076,1909f56bfc062723c751e8b465ee728b)  -> (artifact id: '525e6267aa5927e2bbbf2066bfdc3fc5') in 0.005348 seconds
  Import took 0.007255 seconds .

========================================================================
Received Import Request.
  Time since last request: 0.003105 seconds.
  path: Assets/Scripts/PassiveProps.cs
  artifactKey: Guid(5a3352da1c3ba2b49863fa9d520003d8) Importer(815301076,1909f56bfc062723c751e8b465ee728b)
Start importing Assets/Scripts/PassiveProps.cs using Guid(5a3352da1c3ba2b49863fa9d520003d8) Importer(815301076,1909f56bfc062723c751e8b465ee728b)  -> (artifact id: '525e6267aa5927e2bbbf2066bfdc3fc5') in 0.001219 seconds
  Import took 0.003317 seconds .

========================================================================
Received Prepare
Refreshing native plugins compatible for Editor in 1.99 ms, found 2 plugins.
Preloading 0 native plugins for Editor in 0.00 ms.
Unloading 12 Unused Serialized files (Serialized files now loaded: 0)
System memory in use before: 49.4 MB.
System memory in use after: 49.5 MB.

Unloading 11 unused Assets to reduce memory usage. Loaded Objects now: 1990.
Total: 1.604400 ms (FindLiveObjects: 0.166000 ms CreateObjectMapping: 0.058700 ms MarkObjects: 1.367200 ms  DeleteObjects: 0.011400 ms)

========================================================================
Received Prepare
Registering precompiled user dll's ...
Registered in 0.002182 seconds.
Begin MonoManager ReloadAssembly
Native extension for WindowsStandalone target not found
Refreshing native plugins compatible for Editor in 0.32 ms, found 2 plugins.
Preloading 0 native plugins for Editor in 0.00 ms.
Invoked RoslynAnalysisRunner static constructor.
RoslynAnalysisRunner will not be running.
RoslynAnalysisRunner has terminated.
Mono: successfully reloaded assembly
- Completed reload, in  0.745 seconds
Platform modules already initialized, skipping
Refreshing native plugins compatible for Editor in 0.29 ms, found 2 plugins.
Preloading 0 native plugins for Editor in 0.00 ms.
Unloading 1480 Unused Serialized files (Serialized files now loaded: 0)
System memory in use before: 78.7 MB.
System memory in use after: 78.8 MB.

Unloading 13 unused Assets to reduce memory usage. Loaded Objects now: 1993.
Total: 1.584600 ms (FindLiveObjects: 0.188900 ms CreateObjectMapping: 0.066400 ms MarkObjects: 1.314600 ms  DeleteObjects: 0.013700 ms)

========================================================================
Received Prepare
Registering precompiled user dll's ...
Registered in 0.002124 seconds.
Begin MonoManager ReloadAssembly
Native extension for WindowsStandalone target not found
Refreshing native plugins compatible for Editor in 0.29 ms, found 2 plugins.
Preloading 0 native plugins for Editor in 0.00 ms.
Invoked RoslynAnalysisRunner static constructor.
RoslynAnalysisRunner will not be running.
RoslynAnalysisRunner has terminated.
Mono: successfully reloaded assembly
- Completed reload, in  0.725 seconds
Platform modules already initialized, skipping
Refreshing native plugins compatible for Editor in 0.29 ms, found 2 plugins.
Preloading 0 native plugins for Editor in 0.00 ms.
Unloading 1480 Unused Serialized files (Serialized files now loaded: 0)
System memory in use before: 78.8 MB.
System memory in use after: 78.9 MB.

Unloading 13 unused Assets to reduce memory usage. Loaded Objects now: 1996.
Total: 1.541700 ms (FindLiveObjects: 0.230000 ms CreateObjectMapping: 0.054400 ms MarkObjects: 1.241100 ms  DeleteObjects: 0.015100 ms)

========================================================================
Received Prepare
Registering precompiled user dll's ...
Registered in 0.002232 seconds.
Begin MonoManager ReloadAssembly
Native extension for WindowsStandalone target not found
Refreshing native plugins compatible for Editor in 0.30 ms, found 2 plugins.
Preloading 0 native plugins for Editor in 0.00 ms.
Invoked RoslynAnalysisRunner static constructor.
RoslynAnalysisRunner will not be running.
RoslynAnalysisRunner has terminated.
Mono: successfully reloaded assembly
- Completed reload, in  0.740 seconds
Platform modules already initialized, skipping
Refreshing native plugins compatible for Editor in 0.46 ms, found 2 plugins.
Preloading 0 native plugins for Editor in 0.00 ms.
Unloading 1480 Unused Serialized files (Serialized files now loaded: 0)
System memory in use before: 78.8 MB.
System memory in use after: 78.9 MB.

Unloading 13 unused Assets to reduce memory usage. Loaded Objects now: 1999.
Total: 1.509900 ms (FindLiveObjects: 0.137900 ms CreateObjectMapping: 0.042700 ms MarkObjects: 1.314800 ms  DeleteObjects: 0.013900 ms)

========================================================================
Received Prepare
Registering precompiled user dll's ...
Registered in 0.002577 seconds.
Begin MonoManager ReloadAssembly
Native extension for WindowsStandalone target not found
Refreshing native plugins compatible for Editor in 0.29 ms, found 2 plugins.
Preloading 0 native plugins for Editor in 0.00 ms.
Invoked RoslynAnalysisRunner static constructor.
RoslynAnalysisRunner will not be running.
RoslynAnalysisRunner has terminated.
Mono: successfully reloaded assembly
- Completed reload, in  0.730 seconds
Platform modules already initialized, skipping
Refreshing native plugins compatible for Editor in 0.33 ms, found 2 plugins.
Preloading 0 native plugins for Editor in 0.00 ms.
Unloading 1480 Unused Serialized files (Serialized files now loaded: 0)
System memory in use before: 78.8 MB.
System memory in use after: 78.9 MB.

Unloading 13 unused Assets to reduce memory usage. Loaded Objects now: 2002.
Total: 1.715200 ms (FindLiveObjects: 0.235900 ms CreateObjectMapping: 0.061900 ms MarkObjects: 1.400700 ms  DeleteObjects: 0.015700 ms)

========================================================================
Received Prepare
Registering precompiled user dll's ...
Registered in 0.002121 seconds.
Begin MonoManager ReloadAssembly
Native extension for WindowsStandalone target not found
Refreshing native plugins compatible for Editor in 0.30 ms, found 2 plugins.
Preloading 0 native plugins for Editor in 0.00 ms.
Invoked RoslynAnalysisRunner static constructor.
RoslynAnalysisRunner will not be running.
RoslynAnalysisRunner has terminated.
Mono: successfully reloaded assembly
- Completed reload, in  0.709 seconds
Platform modules already initialized, skipping
Refreshing native plugins compatible for Editor in 0.29 ms, found 2 plugins.
Preloading 0 native plugins for Editor in 0.00 ms.
Unloading 1480 Unused Serialized files (Serialized files now loaded: 0)
System memory in use before: 78.8 MB.
System memory in use after: 78.9 MB.

Unloading 13 unused Assets to reduce memory usage. Loaded Objects now: 2005.
Total: 2.063900 ms (FindLiveObjects: 0.324800 ms CreateObjectMapping: 0.131700 ms MarkObjects: 1.588400 ms  DeleteObjects: 0.017500 ms)

========================================================================
Received Prepare
Registering precompiled user dll's ...
Registered in 0.002995 seconds.
Begin MonoManager ReloadAssembly
Native extension for WindowsStandalone target not found
Refreshing native plugins compatible for Editor in 0.30 ms, found 2 plugins.
Preloading 0 native plugins for Editor in 0.00 ms.
Invoked RoslynAnalysisRunner static constructor.
RoslynAnalysisRunner will not be running.
RoslynAnalysisRunner has terminated.
Mono: successfully reloaded assembly
- Completed reload, in  0.744 seconds
Platform modules already initialized, skipping
Refreshing native plugins compatible for Editor in 0.32 ms, found 2 plugins.
Preloading 0 native plugins for Editor in 0.00 ms.
Unloading 1480 Unused Serialized files (Serialized files now loaded: 0)
System memory in use before: 78.8 MB.
System memory in use after: 78.9 MB.

Unloading 13 unused Assets to reduce memory usage. Loaded Objects now: 2008.
Total: 1.515700 ms (FindLiveObjects: 0.195000 ms CreateObjectMapping: 0.052800 ms MarkObjects: 1.254300 ms  DeleteObjects: 0.012600 ms)

========================================================================
Received Prepare
Registering precompiled user dll's ...
Registered in 0.002269 seconds.
Begin MonoManager ReloadAssembly
Native extension for WindowsStandalone target not found
Refreshing native plugins compatible for Editor in 0.35 ms, found 2 plugins.
Preloading 0 native plugins for Editor in 0.00 ms.
Invoked RoslynAnalysisRunner static constructor.
RoslynAnalysisRunner will not be running.
RoslynAnalysisRunner has terminated.
Mono: successfully reloaded assembly
- Completed reload, in  0.722 seconds
Platform modules already initialized, skipping
Refreshing native plugins compatible for Editor in 0.41 ms, found 2 plugins.
Preloading 0 native plugins for Editor in 0.00 ms.
Unloading 1480 Unused Serialized files (Serialized files now loaded: 0)
System memory in use before: 78.8 MB.
System memory in use after: 78.9 MB.

Unloading 13 unused Assets to reduce memory usage. Loaded Objects now: 2011.
Total: 1.639000 ms (FindLiveObjects: 0.209900 ms CreateObjectMapping: 0.062800 ms MarkObjects: 1.350100 ms  DeleteObjects: 0.015200 ms)

========================================================================
Received Prepare
Registering precompiled user dll's ...
Registered in 0.002073 seconds.
Begin MonoManager ReloadAssembly
Native extension for WindowsStandalone target not found
Refreshing native plugins compatible for Editor in 0.38 ms, found 2 plugins.
Preloading 0 native plugins for Editor in 0.00 ms.
Invoked RoslynAnalysisRunner static constructor.
RoslynAnalysisRunner will not be running.
RoslynAnalysisRunner has terminated.
Mono: successfully reloaded assembly
- Completed reload, in  0.745 seconds
Platform modules already initialized, skipping
Refreshing native plugins compatible for Editor in 0.30 ms, found 2 plugins.
Preloading 0 native plugins for Editor in 0.00 ms.
Unloading 1480 Unused Serialized files (Serialized files now loaded: 0)
System memory in use before: 78.8 MB.
System memory in use after: 78.9 MB.

Unloading 13 unused Assets to reduce memory usage. Loaded Objects now: 2014.
Total: 1.858300 ms (FindLiveObjects: 0.315300 ms CreateObjectMapping: 0.087000 ms MarkObjects: 1.441400 ms  DeleteObjects: 0.013500 ms)

========================================================================
Received Prepare
Registering precompiled user dll's ...
Registered in 0.002192 seconds.
Begin MonoManager ReloadAssembly
Native extension for WindowsStandalone target not found
Refreshing native plugins compatible for Editor in 0.31 ms, found 2 plugins.
Preloading 0 native plugins for Editor in 0.00 ms.
Invoked RoslynAnalysisRunner static constructor.
RoslynAnalysisRunner will not be running.
RoslynAnalysisRunner has terminated.
Mono: successfully reloaded assembly
- Completed reload, in  0.759 seconds
Platform modules already initialized, skipping
Refreshing native plugins compatible for Editor in 0.33 ms, found 2 plugins.
Preloading 0 native plugins for Editor in 0.00 ms.
Unloading 1480 Unused Serialized files (Serialized files now loaded: 0)
System memory in use before: 78.8 MB.
System memory in use after: 78.9 MB.

Unloading 13 unused Assets to reduce memory usage. Loaded Objects now: 2017.
Total: 1.776700 ms (FindLiveObjects: 0.151000 ms CreateObjectMapping: 0.040600 ms MarkObjects: 1.568200 ms  DeleteObjects: 0.015600 ms)

========================================================================
Received Prepare
Registering precompiled user dll's ...
Registered in 0.002231 seconds.
Begin MonoManager ReloadAssembly
Native extension for WindowsStandalone target not found
Refreshing native plugins compatible for Editor in 0.33 ms, found 2 plugins.
Preloading 0 native plugins for Editor in 0.00 ms.
Invoked RoslynAnalysisRunner static constructor.
RoslynAnalysisRunner will not be running.
RoslynAnalysisRunner has terminated.
Mono: successfully reloaded assembly
- Completed reload, in  0.728 seconds
Platform modules already initialized, skipping
Refreshing native plugins compatible for Editor in 0.28 ms, found 2 plugins.
Preloading 0 native plugins for Editor in 0.00 ms.
Unloading 1480 Unused Serialized files (Serialized files now loaded: 0)
System memory in use before: 78.8 MB.
System memory in use after: 78.9 MB.

Unloading 13 unused Assets to reduce memory usage. Loaded Objects now: 2020.
Total: 1.887900 ms (FindLiveObjects: 0.267600 ms CreateObjectMapping: 0.114000 ms MarkObjects: 1.486400 ms  DeleteObjects: 0.018700 ms)

========================================================================
Received Prepare
Registering precompiled user dll's ...
Registered in 0.002116 seconds.
Begin MonoManager ReloadAssembly
Native extension for WindowsStandalone target not found
Refreshing native plugins compatible for Editor in 0.30 ms, found 2 plugins.
Preloading 0 native plugins for Editor in 0.00 ms.
Invoked RoslynAnalysisRunner static constructor.
RoslynAnalysisRunner will not be running.
RoslynAnalysisRunner has terminated.
Mono: successfully reloaded assembly
- Completed reload, in  0.722 seconds
Platform modules already initialized, skipping
Refreshing native plugins compatible for Editor in 0.29 ms, found 2 plugins.
Preloading 0 native plugins for Editor in 0.00 ms.
Unloading 1480 Unused Serialized files (Serialized files now loaded: 0)
System memory in use before: 78.9 MB.
System memory in use after: 79.0 MB.

Unloading 13 unused Assets to reduce memory usage. Loaded Objects now: 2023.
Total: 1.447100 ms (FindLiveObjects: 0.142400 ms CreateObjectMapping: 0.048700 ms MarkObjects: 1.242700 ms  DeleteObjects: 0.012500 ms)

========================================================================
Received Prepare
Registering precompiled user dll's ...
Registered in 0.002391 seconds.
Begin MonoManager ReloadAssembly
Native extension for WindowsStandalone target not found
Refreshing native plugins compatible for Editor in 0.30 ms, found 2 plugins.
Preloading 0 native plugins for Editor in 0.00 ms.
Invoked RoslynAnalysisRunner static constructor.
RoslynAnalysisRunner will not be running.
RoslynAnalysisRunner has terminated.
Mono: successfully reloaded assembly
- Completed reload, in  0.732 seconds
Platform modules already initialized, skipping
Refreshing native plugins compatible for Editor in 0.29 ms, found 2 plugins.
Preloading 0 native plugins for Editor in 0.00 ms.
Unloading 1480 Unused Serialized files (Serialized files now loaded: 0)
System memory in use before: 78.9 MB.
System memory in use after: 79.0 MB.

Unloading 13 unused Assets to reduce memory usage. Loaded Objects now: 2026.
Total: 1.727500 ms (FindLiveObjects: 0.290200 ms CreateObjectMapping: 0.061900 ms MarkObjects: 1.360900 ms  DeleteObjects: 0.013400 ms)

========================================================================
Received Prepare
Registering precompiled user dll's ...
Registered in 0.002148 seconds.
Begin MonoManager ReloadAssembly
Native extension for WindowsStandalone target not found
Refreshing native plugins compatible for Editor in 0.30 ms, found 2 plugins.
Preloading 0 native plugins for Editor in 0.00 ms.
Invoked RoslynAnalysisRunner static constructor.
RoslynAnalysisRunner will not be running.
RoslynAnalysisRunner has terminated.
Mono: successfully reloaded assembly
- Completed reload, in  0.726 seconds
Platform modules already initialized, skipping
Refreshing native plugins compatible for Editor in 0.29 ms, found 2 plugins.
Preloading 0 native plugins for Editor in 0.00 ms.
Unloading 1480 Unused Serialized files (Serialized files now loaded: 0)
System memory in use before: 78.9 MB.
System memory in use after: 79.0 MB.

Unloading 13 unused Assets to reduce memory usage. Loaded Objects now: 2029.
Total: 1.615200 ms (FindLiveObjects: 0.252400 ms CreateObjectMapping: 0.071100 ms MarkObjects: 1.276300 ms  DeleteObjects: 0.014000 ms)

========================================================================
Received Prepare
Registering precompiled user dll's ...
Registered in 0.002285 seconds.
Begin MonoManager ReloadAssembly
Native extension for WindowsStandalone target not found
Refreshing native plugins compatible for Editor in 0.29 ms, found 2 plugins.
Preloading 0 native plugins for Editor in 0.00 ms.
Invoked RoslynAnalysisRunner static constructor.
RoslynAnalysisRunner will not be running.
RoslynAnalysisRunner has terminated.
Mono: successfully reloaded assembly
- Completed reload, in  0.710 seconds
Platform modules already initialized, skipping
Refreshing native plugins compatible for Editor in 0.29 ms, found 2 plugins.
Preloading 0 native plugins for Editor in 0.00 ms.
Unloading 1480 Unused Serialized files (Serialized files now loaded: 0)
System memory in use before: 78.9 MB.
System memory in use after: 79.0 MB.

Unloading 13 unused Assets to reduce memory usage. Loaded Objects now: 2032.
Total: 1.685900 ms (FindLiveObjects: 0.268400 ms CreateObjectMapping: 0.075900 ms MarkObjects: 1.325800 ms  DeleteObjects: 0.013600 ms)

========================================================================
Received Import Request.
  Time since last request: 880.952188 seconds.
  path: Assets/Scripts/Victory.cs
  artifactKey: Guid(d64bba4fb20309b49a940c51e74c745b) Importer(815301076,1909f56bfc062723c751e8b465ee728b)
Start importing Assets/Scripts/Victory.cs using Guid(d64bba4fb20309b49a940c51e74c745b) Importer(815301076,1909f56bfc062723c751e8b465ee728b)  -> (artifact id: '51691074dd007254ba36407f59aa49c1') in 0.008583 seconds
  Import took 0.011884 seconds .

========================================================================
Received Import Request.
  Time since last request: 0.500685 seconds.
  path: Assets/Scripts/Treasure.cs
  artifactKey: Guid(8a0bcad5208ae124a967301d5dfcf7b2) Importer(815301076,1909f56bfc062723c751e8b465ee728b)
Start importing Assets/Scripts/Treasure.cs using Guid(8a0bcad5208ae124a967301d5dfcf7b2) Importer(815301076,1909f56bfc062723c751e8b465ee728b)  -> (artifact id: 'c2e5fff1c3a4fb037ed1e29a574df93a') in 0.001270 seconds
  Import took 0.003122 seconds .

========================================================================
Received Import Request.
  Time since last request: 0.000599 seconds.
  path: Assets/Scripts/Treasure.cs
  artifactKey: Guid(8a0bcad5208ae124a967301d5dfcf7b2) Importer(815301076,1909f56bfc062723c751e8b465ee728b)
Start importing Assets/Scripts/Treasure.cs using Guid(8a0bcad5208ae124a967301d5dfcf7b2) Importer(815301076,1909f56bfc062723c751e8b465ee728b)  -> (artifact id: 'c2e5fff1c3a4fb037ed1e29a574df93a') in 0.001310 seconds
  Import took 0.003275 seconds .

========================================================================
Received Import Request.
  Time since last request: 0.471956 seconds.
  path: Assets/Scripts/TankMovement.cs
  artifactKey: Guid(7757add15e4672e46b247159e7d92c1b) Importer(815301076,1909f56bfc062723c751e8b465ee728b)
Start importing Assets/Scripts/TankMovement.cs using Guid(7757add15e4672e46b247159e7d92c1b) Importer(815301076,1909f56bfc062723c751e8b465ee728b)  -> (artifact id: '9e8c25e66817cafb7cbdb107722abbdb') in 0.005139 seconds
  Import took 0.007043 seconds .

========================================================================
Received Import Request.
  Time since last request: 1.138612 seconds.
  path: Assets/Scripts/SputterDamage.cs
  artifactKey: Guid(239e59adef2888a499d74d6fc794c218) Importer(815301076,1909f56bfc062723c751e8b465ee728b)
Start importing Assets/Scripts/SputterDamage.cs using Guid(239e59adef2888a499d74d6fc794c218) Importer(815301076,1909f56bfc062723c751e8b465ee728b)  -> (artifact id: '768dfe258f4e64a147e7f2d12018ccce') in 0.004837 seconds
  Import took 0.007072 seconds .

========================================================================
Received Import Request.
  Time since last request: 0.420538 seconds.
  path: Assets/Scripts/Shell.cs
  artifactKey: Guid(b985c80467af06647b76284ad5008fa0) Importer(815301076,1909f56bfc062723c751e8b465ee728b)
Start importing Assets/Scripts/Shell.cs using Guid(b985c80467af06647b76284ad5008fa0) Importer(815301076,1909f56bfc062723c751e8b465ee728b)  -> (artifact id: '9c4f6ea5e82908febcbce51bfa9ea461') in 0.004891 seconds
  Import took 0.007070 seconds .

========================================================================
Received Import Request.
  Time since last request: 0.001185 seconds.
  path: Assets/Scripts/Shell.cs
  artifactKey: Guid(b985c80467af06647b76284ad5008fa0) Importer(815301076,1909f56bfc062723c751e8b465ee728b)
Start importing Assets/Scripts/Shell.cs using Guid(b985c80467af06647b76284ad5008fa0) Importer(815301076,1909f56bfc062723c751e8b465ee728b)  -> (artifact id: '9c4f6ea5e82908febcbce51bfa9ea461') in 0.001298 seconds
  Import took 0.003364 seconds .

========================================================================
Received Import Request.
  Time since last request: 0.280755 seconds.
  path: Assets/Scripts/PassiveProps.cs
  artifactKey: Guid(5a3352da1c3ba2b49863fa9d520003d8) Importer(815301076,1909f56bfc062723c751e8b465ee728b)
Start importing Assets/Scripts/PassiveProps.cs using Guid(5a3352da1c3ba2b49863fa9d520003d8) Importer(815301076,1909f56bfc062723c751e8b465ee728b)  -> (artifact id: 'a1da931c5b65ce036856e5fcf2a706ac') in 0.001233 seconds
  Import took 0.003065 seconds .

========================================================================
Received Import Request.
  Time since last request: 0.003592 seconds.
  path: Assets/Scripts/PassiveProps.cs
  artifactKey: Guid(5a3352da1c3ba2b49863fa9d520003d8) Importer(815301076,1909f56bfc062723c751e8b465ee728b)
Start importing Assets/Scripts/PassiveProps.cs using Guid(5a3352da1c3ba2b49863fa9d520003d8) Importer(815301076,1909f56bfc062723c751e8b465ee728b)  -> (artifact id: 'a1da931c5b65ce036856e5fcf2a706ac') in 0.001356 seconds
  Import took 0.003563 seconds .

========================================================================
Received Import Request.
  Time since last request: 3.588032 seconds.
  path: Assets/Scripts/Mine.cs
  artifactKey: Guid(9bebae341bcc7e643ae16ff9d23f40b2) Importer(815301076,1909f56bfc062723c751e8b465ee728b)
Start importing Assets/Scripts/Mine.cs using Guid(9bebae341bcc7e643ae16ff9d23f40b2) Importer(815301076,1909f56bfc062723c751e8b465ee728b)  -> (artifact id: 'f4cd4c45977be79ecc589c60b5ff3b71') in 0.004569 seconds
  Import took 0.006564 seconds .

========================================================================
Received Prepare
Registering precompiled user dll's ...
Registered in 0.002194 seconds.
Begin MonoManager ReloadAssembly
Native extension for WindowsStandalone target not found
Refreshing native plugins compatible for Editor in 0.37 ms, found 2 plugins.
Preloading 0 native plugins for Editor in 0.00 ms.
Invoked RoslynAnalysisRunner static constructor.
RoslynAnalysisRunner will not be running.
RoslynAnalysisRunner has terminated.
Mono: successfully reloaded assembly
- Completed reload, in  0.735 seconds
Platform modules already initialized, skipping
Refreshing native plugins compatible for Editor in 0.30 ms, found 2 plugins.
Preloading 0 native plugins for Editor in 0.00 ms.
Unloading 1480 Unused Serialized files (Serialized files now loaded: 0)
System memory in use before: 78.9 MB.
System memory in use after: 79.0 MB.

Unloading 13 unused Assets to reduce memory usage. Loaded Objects now: 2035.
Total: 1.626900 ms (FindLiveObjects: 0.178800 ms CreateObjectMapping: 0.044500 ms MarkObjects: 1.386700 ms  DeleteObjects: 0.015600 ms)

========================================================================
Received Prepare
Registering precompiled user dll's ...
Registered in 0.003158 seconds.
Begin MonoManager ReloadAssembly
Native extension for WindowsStandalone target not found
Refreshing native plugins compatible for Editor in 0.33 ms, found 2 plugins.
Preloading 0 native plugins for Editor in 0.00 ms.
Invoked RoslynAnalysisRunner static constructor.
RoslynAnalysisRunner will not be running.
RoslynAnalysisRunner has terminated.
Mono: successfully reloaded assembly
- Completed reload, in  0.713 seconds
Platform modules already initialized, skipping
Refreshing native plugins compatible for Editor in 0.29 ms, found 2 plugins.
Preloading 0 native plugins for Editor in 0.00 ms.
Unloading 1480 Unused Serialized files (Serialized files now loaded: 0)
System memory in use before: 78.9 MB.
System memory in use after: 79.0 MB.

Unloading 13 unused Assets to reduce memory usage. Loaded Objects now: 2038.
Total: 1.815700 ms (FindLiveObjects: 0.290300 ms CreateObjectMapping: 0.077800 ms MarkObjects: 1.433100 ms  DeleteObjects: 0.013400 ms)

========================================================================
Received Prepare
Registering precompiled user dll's ...
Registered in 0.002173 seconds.
Begin MonoManager ReloadAssembly
Native extension for WindowsStandalone target not found
Refreshing native plugins compatible for Editor in 0.31 ms, found 2 plugins.
Preloading 0 native plugins for Editor in 0.00 ms.
Invoked RoslynAnalysisRunner static constructor.
RoslynAnalysisRunner will not be running.
RoslynAnalysisRunner has terminated.
Mono: successfully reloaded assembly
- Completed reload, in  0.735 seconds
Platform modules already initialized, skipping
Refreshing native plugins compatible for Editor in 0.33 ms, found 2 plugins.
Preloading 0 native plugins for Editor in 0.00 ms.
Unloading 1480 Unused Serialized files (Serialized files now loaded: 0)
System memory in use before: 78.9 MB.
System memory in use after: 79.0 MB.

Unloading 13 unused Assets to reduce memory usage. Loaded Objects now: 2041.
Total: 1.665700 ms (FindLiveObjects: 0.218000 ms CreateObjectMapping: 0.065600 ms MarkObjects: 1.366800 ms  DeleteObjects: 0.014500 ms)

========================================================================
Received Prepare
Registering precompiled user dll's ...
Registered in 0.002303 seconds.
Begin MonoManager ReloadAssembly
Native extension for WindowsStandalone target not found
Refreshing native plugins compatible for Editor in 0.60 ms, found 2 plugins.
Preloading 0 native plugins for Editor in 0.00 ms.
Invoked RoslynAnalysisRunner static constructor.
RoslynAnalysisRunner will not be running.
RoslynAnalysisRunner has terminated.
Mono: successfully reloaded assembly
- Completed reload, in  0.952 seconds
Platform modules already initialized, skipping
Refreshing native plugins compatible for Editor in 0.30 ms, found 2 plugins.
Preloading 0 native plugins for Editor in 0.00 ms.
Unloading 1480 Unused Serialized files (Serialized files now loaded: 0)
System memory in use before: 78.9 MB.
System memory in use after: 79.0 MB.

Unloading 13 unused Assets to reduce memory usage. Loaded Objects now: 2044.
Total: 1.649100 ms (FindLiveObjects: 0.176000 ms CreateObjectMapping: 0.045600 ms MarkObjects: 1.413800 ms  DeleteObjects: 0.012600 ms)

========================================================================
Received Prepare
Registering precompiled user dll's ...
Registered in 0.002194 seconds.
Begin MonoManager ReloadAssembly
Native extension for WindowsStandalone target not found
Refreshing native plugins compatible for Editor in 0.30 ms, found 2 plugins.
Preloading 0 native plugins for Editor in 0.00 ms.
Invoked RoslynAnalysisRunner static constructor.
RoslynAnalysisRunner will not be running.
RoslynAnalysisRunner has terminated.
Mono: successfully reloaded assembly
- Completed reload, in  0.738 seconds
Platform modules already initialized, skipping
Refreshing native plugins compatible for Editor in 0.29 ms, found 2 plugins.
Preloading 0 native plugins for Editor in 0.00 ms.
Unloading 1480 Unused Serialized files (Serialized files now loaded: 0)
System memory in use before: 78.9 MB.
System memory in use after: 79.0 MB.

Unloading 13 unused Assets to reduce memory usage. Loaded Objects now: 2047.
Total: 1.598300 ms (FindLiveObjects: 0.151300 ms CreateObjectMapping: 0.051900 ms MarkObjects: 1.380500 ms  DeleteObjects: 0.013900 ms)

========================================================================
Received Prepare
Registering precompiled user dll's ...
Registered in 0.002230 seconds.
Begin MonoManager ReloadAssembly
Native extension for WindowsStandalone target not found
Refreshing native plugins compatible for Editor in 0.50 ms, found 2 plugins.
Preloading 0 native plugins for Editor in 0.00 ms.
Invoked RoslynAnalysisRunner static constructor.
RoslynAnalysisRunner will not be running.
RoslynAnalysisRunner has terminated.
Mono: successfully reloaded assembly
- Completed reload, in  0.950 seconds
Platform modules already initialized, skipping
Refreshing native plugins compatible for Editor in 0.62 ms, found 2 plugins.
Preloading 0 native plugins for Editor in 0.00 ms.
Unloading 1480 Unused Serialized files (Serialized files now loaded: 0)
System memory in use before: 78.9 MB.
System memory in use after: 79.0 MB.

Unloading 13 unused Assets to reduce memory usage. Loaded Objects now: 2050.
Total: 3.518200 ms (FindLiveObjects: 0.423000 ms CreateObjectMapping: 0.240600 ms MarkObjects: 2.819500 ms  DeleteObjects: 0.032500 ms)

========================================================================
Received Prepare
Refreshing native plugins compatible for Editor in 2.08 ms, found 2 plugins.
Preloading 0 native plugins for Editor in 0.00 ms.
Unloading 12 Unused Serialized files (Serialized files now loaded: 0)
System memory in use before: 49.7 MB.
System memory in use after: 49.8 MB.

Unloading 11 unused Assets to reduce memory usage. Loaded Objects now: 2050.
Total: 1.564800 ms (FindLiveObjects: 0.216500 ms CreateObjectMapping: 0.051300 ms MarkObjects: 1.283300 ms  DeleteObjects: 0.012500 ms)

========================================================================
Received Prepare
Refreshing native plugins compatible for Editor in 1.91 ms, found 2 plugins.
Preloading 0 native plugins for Editor in 0.00 ms.
Unloading 12 Unused Serialized files (Serialized files now loaded: 0)
System memory in use before: 49.7 MB.
System memory in use after: 49.8 MB.

Unloading 11 unused Assets to reduce memory usage. Loaded Objects now: 2050.
Total: 1.940400 ms (FindLiveObjects: 0.203400 ms CreateObjectMapping: 0.050900 ms MarkObjects: 1.667400 ms  DeleteObjects: 0.017400 ms)

AssetImportWorkerClient::OnTransportError - code=2 error=End of file
