Using pre-set license
Built from '2020.3/china_unity/release' branch; Version is '2020.3.0f1c1 (1e553bf703d9) revision 1987899'; Using compiler version '192528614'; Build Type 'Release'
OS: 'Windows 10 Pro for Workstations; OS build 19043.1081; Version 2009; 64bit' Language: 'zh' Physical Memory: 32631 MB
BatchMode: 1, IsHumanControllingUs: 0, StartBugReporterOnCrash: 0, Is64bit: 1, IsPro: 0

 COMMAND LINE ARGUMENTS:
C:\Program Files\Unity\Hub\Editor\2020.3.0f1c1\Editor\Unity.exe
-adb2
-batchMode
-noUpm
-name
AssetImportWorker0
-projectPath
E:/OneDrive/Code/TankyTank
-logFile
Logs/AssetImportWorker0.log
-srvPort
58135
Successfully changed project path to: E:/OneDrive/Code/TankyTank
E:/OneDrive/Code/TankyTank
Using Asset Import Pipeline V2.
Refreshing native plugins compatible for Editor in 27.59 ms, found 2 plugins.
Preloading 0 native plugins for Editor in 0.00 ms.
Initialize engine version: 2020.3.0f1c1 (1e553bf703d9)
[Subsystems] Discovering subsystems at path C:/Program Files/Unity/Hub/Editor/2020.3.0f1c1/Editor/Data/Resources/UnitySubsystems
[Subsystems] Discovering subsystems at path E:/OneDrive/Code/TankyTank/Assets
GfxDevice: creating device client; threaded=0
Direct3D:
    Version:  Direct3D 11.0 [level 11.1]
    Renderer: NVIDIA GeForce RTX 3070 (ID=0x2484)
    Vendor:   
    VRAM:     8043 MB
    Driver:   30.0.14.7111
Initialize mono
Mono path[0] = 'C:/Program Files/Unity/Hub/Editor/2020.3.0f1c1/Editor/Data/Managed'
Mono path[1] = 'C:/Program Files/Unity/Hub/Editor/2020.3.0f1c1/Editor/Data/MonoBleedingEdge/lib/mono/unityjit'
Mono config path = 'C:/Program Files/Unity/Hub/Editor/2020.3.0f1c1/Editor/Data/MonoBleedingEdge/etc'
Using monoOptions --debugger-agent=transport=dt_socket,embedding=1,server=y,suspend=n,address=127.0.0.1:56152
Begin MonoManager ReloadAssembly
Registering precompiled unity dll's ...
Register platform support module: C:/Program Files/Unity/Hub/Editor/2020.3.0f1c1/Editor/Data/PlaybackEngines/WindowsStandaloneSupport/UnityEditor.WindowsStandalone.Extensions.dll
Registered in 0.000857 seconds.
Native extension for WindowsStandalone target not found
Refreshing native plugins compatible for Editor in 24.94 ms, found 2 plugins.
Preloading 0 native plugins for Editor in 0.00 ms.
Invoked RoslynAnalysisRunner static constructor.
RoslynAnalysisRunner will not be running.
RoslynAnalysisRunner has terminated.
Mono: successfully reloaded assembly
- Completed reload, in  0.664 seconds
Platform modules already initialized, skipping
Registering precompiled user dll's ...
Registered in 0.002762 seconds.
Begin MonoManager ReloadAssembly
Native extension for WindowsStandalone target not found
Refreshing native plugins compatible for Editor in 0.30 ms, found 2 plugins.
Preloading 0 native plugins for Editor in 0.00 ms.
Invoked RoslynAnalysisRunner static constructor.
RoslynAnalysisRunner will not be running.
RoslynAnalysisRunner has terminated.
Mono: successfully reloaded assembly
- Completed reload, in  0.856 seconds
Platform modules already initialized, skipping
========================================================================
Worker process is ready to serve import requests
Launched and connected shader compiler UnityShaderCompiler.exe after 0.03 seconds
Refreshing native plugins compatible for Editor in 0.28 ms, found 2 plugins.
Preloading 0 native plugins for Editor in 0.00 ms.
Unloading 1550 Unused Serialized files (Serialized files now loaded: 0)
System memory in use before: 83.7 MB.
System memory in use after: 83.8 MB.

Unloading 18 unused Assets to reduce memory usage. Loaded Objects now: 1989.
Total: 1.762800 ms (FindLiveObjects: 0.159200 ms CreateObjectMapping: 0.148400 ms MarkObjects: 1.398500 ms  DeleteObjects: 0.055200 ms)

========================================================================
Received Import Request.
  path: Assets/Scripts/TankHealth.cs
  artifactKey: Guid(bfbccf7f86e0bf2448e986e73c926391) Importer(815301076,1909f56bfc062723c751e8b465ee728b)
Start importing Assets/Scripts/TankHealth.cs using Guid(bfbccf7f86e0bf2448e986e73c926391) Importer(815301076,1909f56bfc062723c751e8b465ee728b)  -> (artifact id: '90d3830303d867df20d532c4d6c6641e') in 0.050343 seconds
  Import took 0.053906 seconds .

========================================================================
Received Import Request.
  Time since last request: 0.000221 seconds.
  path: Assets/Scripts/Treasure.cs
  artifactKey: Guid(8a0bcad5208ae124a967301d5dfcf7b2) Importer(815301076,1909f56bfc062723c751e8b465ee728b)
Start importing Assets/Scripts/Treasure.cs using Guid(8a0bcad5208ae124a967301d5dfcf7b2) Importer(815301076,1909f56bfc062723c751e8b465ee728b)  -> (artifact id: '88871a54842e1903f24f9d6ea3989fc6') in 0.004103 seconds
  Import took 0.007790 seconds .

========================================================================
Received Import Request.
  Time since last request: 0.000211 seconds.
  path: Assets/Scripts/TankMovement.cs
  artifactKey: Guid(7757add15e4672e46b247159e7d92c1b) Importer(815301076,1909f56bfc062723c751e8b465ee728b)
Start importing Assets/Scripts/TankMovement.cs using Guid(7757add15e4672e46b247159e7d92c1b) Importer(815301076,1909f56bfc062723c751e8b465ee728b)  -> (artifact id: 'e5b1061cb0c0474fd0125be494074404') in 0.004459 seconds
  Import took 0.008082 seconds .

========================================================================
Received Prepare
Registering precompiled user dll's ...
Registered in 0.002853 seconds.
Begin MonoManager ReloadAssembly
Native extension for WindowsStandalone target not found
Refreshing native plugins compatible for Editor in 0.29 ms, found 2 plugins.
Preloading 0 native plugins for Editor in 0.00 ms.
Invoked RoslynAnalysisRunner static constructor.
RoslynAnalysisRunner will not be running.
RoslynAnalysisRunner has terminated.
Mono: successfully reloaded assembly
- Completed reload, in  0.710 seconds
Platform modules already initialized, skipping
Refreshing native plugins compatible for Editor in 0.27 ms, found 2 plugins.
Preloading 0 native plugins for Editor in 0.00 ms.
Unloading 1480 Unused Serialized files (Serialized files now loaded: 0)
System memory in use before: 78.7 MB.
System memory in use after: 78.8 MB.

Unloading 13 unused Assets to reduce memory usage. Loaded Objects now: 1992.
Total: 1.688800 ms (FindLiveObjects: 0.201800 ms CreateObjectMapping: 0.051000 ms MarkObjects: 1.421100 ms  DeleteObjects: 0.013600 ms)

========================================================================
Received Prepare
Registering precompiled user dll's ...
Registered in 0.002924 seconds.
Begin MonoManager ReloadAssembly
Native extension for WindowsStandalone target not found
Refreshing native plugins compatible for Editor in 0.28 ms, found 2 plugins.
Preloading 0 native plugins for Editor in 0.00 ms.
Invoked RoslynAnalysisRunner static constructor.
RoslynAnalysisRunner will not be running.
RoslynAnalysisRunner has terminated.
Mono: successfully reloaded assembly
- Completed reload, in  0.739 seconds
Platform modules already initialized, skipping
Refreshing native plugins compatible for Editor in 0.27 ms, found 2 plugins.
Preloading 0 native plugins for Editor in 0.00 ms.
Unloading 1480 Unused Serialized files (Serialized files now loaded: 0)
System memory in use before: 78.7 MB.
System memory in use after: 78.8 MB.

Unloading 13 unused Assets to reduce memory usage. Loaded Objects now: 1995.
Total: 1.591400 ms (FindLiveObjects: 0.128200 ms CreateObjectMapping: 0.038400 ms MarkObjects: 1.411600 ms  DeleteObjects: 0.012600 ms)

========================================================================
Received Import Request.
  Time since last request: 940.758010 seconds.
  path: Assets/Scripts/TankMovement.cs
  artifactKey: Guid(7757add15e4672e46b247159e7d92c1b) Importer(815301076,1909f56bfc062723c751e8b465ee728b)
Start importing Assets/Scripts/TankMovement.cs using Guid(7757add15e4672e46b247159e7d92c1b) Importer(815301076,1909f56bfc062723c751e8b465ee728b)  -> (artifact id: 'e2a073ef81c1b89ad3274e29cd52f9ab') in 0.005511 seconds
  Import took 0.008673 seconds .

========================================================================
Received Prepare
Registering precompiled user dll's ...
Registered in 0.002934 seconds.
Begin MonoManager ReloadAssembly
Native extension for WindowsStandalone target not found
Refreshing native plugins compatible for Editor in 0.28 ms, found 2 plugins.
Preloading 0 native plugins for Editor in 0.00 ms.
Invoked RoslynAnalysisRunner static constructor.
RoslynAnalysisRunner will not be running.
RoslynAnalysisRunner has terminated.
Mono: successfully reloaded assembly
- Completed reload, in  0.718 seconds
Platform modules already initialized, skipping
Refreshing native plugins compatible for Editor in 0.28 ms, found 2 plugins.
Preloading 0 native plugins for Editor in 0.00 ms.
Unloading 1480 Unused Serialized files (Serialized files now loaded: 0)
System memory in use before: 78.7 MB.
System memory in use after: 78.8 MB.

Unloading 13 unused Assets to reduce memory usage. Loaded Objects now: 1998.
Total: 1.704000 ms (FindLiveObjects: 0.201400 ms CreateObjectMapping: 0.076400 ms MarkObjects: 1.409500 ms  DeleteObjects: 0.015200 ms)

========================================================================
Received Import Request.
  Time since last request: 31.307923 seconds.
  path: Assets/Scripts/TankMovement.cs
  artifactKey: Guid(7757add15e4672e46b247159e7d92c1b) Importer(815301076,1909f56bfc062723c751e8b465ee728b)
Start importing Assets/Scripts/TankMovement.cs using Guid(7757add15e4672e46b247159e7d92c1b) Importer(815301076,1909f56bfc062723c751e8b465ee728b)  -> (artifact id: '89757b15c29c837d2b59c34bce1b68c9') in 0.002880 seconds
  Import took 0.006235 seconds .

========================================================================
Received Import Request.
  Time since last request: 0.919944 seconds.
  path: Assets/Scripts/TankMovement.cs
  artifactKey: Guid(7757add15e4672e46b247159e7d92c1b) Importer(815301076,1909f56bfc062723c751e8b465ee728b)
Start importing Assets/Scripts/TankMovement.cs using Guid(7757add15e4672e46b247159e7d92c1b) Importer(815301076,1909f56bfc062723c751e8b465ee728b)  -> (artifact id: '89757b15c29c837d2b59c34bce1b68c9') in 0.001289 seconds
  Import took 0.004546 seconds .

========================================================================
Received Prepare
Registering precompiled user dll's ...
Registered in 0.002625 seconds.
Begin MonoManager ReloadAssembly
Native extension for WindowsStandalone target not found
Refreshing native plugins compatible for Editor in 0.28 ms, found 2 plugins.
Preloading 0 native plugins for Editor in 0.00 ms.
Invoked RoslynAnalysisRunner static constructor.
RoslynAnalysisRunner will not be running.
RoslynAnalysisRunner has terminated.
Mono: successfully reloaded assembly
- Completed reload, in  0.722 seconds
Platform modules already initialized, skipping
Refreshing native plugins compatible for Editor in 0.29 ms, found 2 plugins.
Preloading 0 native plugins for Editor in 0.00 ms.
Unloading 1480 Unused Serialized files (Serialized files now loaded: 0)
System memory in use before: 78.7 MB.
System memory in use after: 78.8 MB.

Unloading 13 unused Assets to reduce memory usage. Loaded Objects now: 2001.
Total: 1.413500 ms (FindLiveObjects: 0.141400 ms CreateObjectMapping: 0.038100 ms MarkObjects: 1.219800 ms  DeleteObjects: 0.013000 ms)

========================================================================
Received Import Request.
  Time since last request: 36.531405 seconds.
  path: Assets/Scripts/TankMovement.cs
  artifactKey: Guid(7757add15e4672e46b247159e7d92c1b) Importer(815301076,1909f56bfc062723c751e8b465ee728b)
Start importing Assets/Scripts/TankMovement.cs using Guid(7757add15e4672e46b247159e7d92c1b) Importer(815301076,1909f56bfc062723c751e8b465ee728b)  -> (artifact id: '08930eeb4d5f7ca0fbf1e833ea04b990') in 0.002724 seconds
  Import took 0.006082 seconds .

========================================================================
Received Import Request.
  Time since last request: 0.690918 seconds.
  path: Assets/Scripts/TankMovement.cs
  artifactKey: Guid(7757add15e4672e46b247159e7d92c1b) Importer(815301076,1909f56bfc062723c751e8b465ee728b)
Start importing Assets/Scripts/TankMovement.cs using Guid(7757add15e4672e46b247159e7d92c1b) Importer(815301076,1909f56bfc062723c751e8b465ee728b)  -> (artifact id: '08930eeb4d5f7ca0fbf1e833ea04b990') in 0.001274 seconds
  Import took 0.004612 seconds .

========================================================================
Received Prepare
Registering precompiled user dll's ...
Registered in 0.002644 seconds.
Begin MonoManager ReloadAssembly
Native extension for WindowsStandalone target not found
Refreshing native plugins compatible for Editor in 0.29 ms, found 2 plugins.
Preloading 0 native plugins for Editor in 0.00 ms.
Invoked RoslynAnalysisRunner static constructor.
RoslynAnalysisRunner will not be running.
RoslynAnalysisRunner has terminated.
Mono: successfully reloaded assembly
- Completed reload, in  0.755 seconds
Platform modules already initialized, skipping
Refreshing native plugins compatible for Editor in 0.30 ms, found 2 plugins.
Preloading 0 native plugins for Editor in 0.00 ms.
Unloading 1480 Unused Serialized files (Serialized files now loaded: 0)
System memory in use before: 78.7 MB.
System memory in use after: 78.8 MB.

Unloading 13 unused Assets to reduce memory usage. Loaded Objects now: 2004.
Total: 1.460200 ms (FindLiveObjects: 0.137700 ms CreateObjectMapping: 0.043000 ms MarkObjects: 1.264700 ms  DeleteObjects: 0.014100 ms)

========================================================================
Received Import Request.
  Time since last request: 16.426304 seconds.
  path: Assets/Scripts/TankMovement.cs
  artifactKey: Guid(7757add15e4672e46b247159e7d92c1b) Importer(815301076,1909f56bfc062723c751e8b465ee728b)
Start importing Assets/Scripts/TankMovement.cs using Guid(7757add15e4672e46b247159e7d92c1b) Importer(815301076,1909f56bfc062723c751e8b465ee728b)  -> (artifact id: '207e41f8f47f7be1ec42d40491525156') in 0.002795 seconds
  Import took 0.006213 seconds .

========================================================================
Received Import Request.
  Time since last request: 0.688255 seconds.
  path: Assets/Scripts/TankMovement.cs
  artifactKey: Guid(7757add15e4672e46b247159e7d92c1b) Importer(815301076,1909f56bfc062723c751e8b465ee728b)
Start importing Assets/Scripts/TankMovement.cs using Guid(7757add15e4672e46b247159e7d92c1b) Importer(815301076,1909f56bfc062723c751e8b465ee728b)  -> (artifact id: '207e41f8f47f7be1ec42d40491525156') in 0.001406 seconds
  Import took 0.004828 seconds .

========================================================================
Received Prepare
Registering precompiled user dll's ...
Registered in 0.002549 seconds.
Begin MonoManager ReloadAssembly
Native extension for WindowsStandalone target not found
Refreshing native plugins compatible for Editor in 0.28 ms, found 2 plugins.
Preloading 0 native plugins for Editor in 0.00 ms.
Invoked RoslynAnalysisRunner static constructor.
RoslynAnalysisRunner will not be running.
RoslynAnalysisRunner has terminated.
Mono: successfully reloaded assembly
- Completed reload, in  0.705 seconds
Platform modules already initialized, skipping
Refreshing native plugins compatible for Editor in 0.28 ms, found 2 plugins.
Preloading 0 native plugins for Editor in 0.00 ms.
Unloading 1480 Unused Serialized files (Serialized files now loaded: 0)
System memory in use before: 78.7 MB.
System memory in use after: 78.8 MB.

Unloading 13 unused Assets to reduce memory usage. Loaded Objects now: 2007.
Total: 1.468400 ms (FindLiveObjects: 0.119500 ms CreateObjectMapping: 0.038900 ms MarkObjects: 1.296600 ms  DeleteObjects: 0.012100 ms)

========================================================================
Received Prepare
Registering precompiled user dll's ...
Registered in 0.004030 seconds.
Begin MonoManager ReloadAssembly
Native extension for WindowsStandalone target not found
Refreshing native plugins compatible for Editor in 0.29 ms, found 2 plugins.
Preloading 0 native plugins for Editor in 0.00 ms.
Invoked RoslynAnalysisRunner static constructor.
RoslynAnalysisRunner will not be running.
RoslynAnalysisRunner has terminated.
Mono: successfully reloaded assembly
- Completed reload, in  0.752 seconds
Platform modules already initialized, skipping
Refreshing native plugins compatible for Editor in 0.28 ms, found 2 plugins.
Preloading 0 native plugins for Editor in 0.00 ms.
Unloading 1480 Unused Serialized files (Serialized files now loaded: 0)
System memory in use before: 78.7 MB.
System memory in use after: 78.8 MB.

Unloading 13 unused Assets to reduce memory usage. Loaded Objects now: 2010.
Total: 1.479700 ms (FindLiveObjects: 0.132000 ms CreateObjectMapping: 0.042800 ms MarkObjects: 1.289000 ms  DeleteObjects: 0.014900 ms)

========================================================================
Received Import Request.
  Time since last request: 20.761699 seconds.
  path: Assets/Scripts/TankMovement.cs
  artifactKey: Guid(7757add15e4672e46b247159e7d92c1b) Importer(815301076,1909f56bfc062723c751e8b465ee728b)
Start importing Assets/Scripts/TankMovement.cs using Guid(7757add15e4672e46b247159e7d92c1b) Importer(815301076,1909f56bfc062723c751e8b465ee728b)  -> (artifact id: '224b439dafde5af9d57bec775c460e7d') in 0.002848 seconds
  Import took 0.006337 seconds .

========================================================================
Received Import Request.
  Time since last request: 0.681987 seconds.
  path: Assets/Scripts/TankMovement.cs
  artifactKey: Guid(7757add15e4672e46b247159e7d92c1b) Importer(815301076,1909f56bfc062723c751e8b465ee728b)
Start importing Assets/Scripts/TankMovement.cs using Guid(7757add15e4672e46b247159e7d92c1b) Importer(815301076,1909f56bfc062723c751e8b465ee728b)  -> (artifact id: '224b439dafde5af9d57bec775c460e7d') in 0.001355 seconds
  Import took 0.005131 seconds .

========================================================================
Received Prepare
Registering precompiled user dll's ...
Registered in 0.002547 seconds.
Begin MonoManager ReloadAssembly
Native extension for WindowsStandalone target not found
Refreshing native plugins compatible for Editor in 0.28 ms, found 2 plugins.
Preloading 0 native plugins for Editor in 0.00 ms.
Invoked RoslynAnalysisRunner static constructor.
RoslynAnalysisRunner will not be running.
RoslynAnalysisRunner has terminated.
Mono: successfully reloaded assembly
- Completed reload, in  0.721 seconds
Platform modules already initialized, skipping
Refreshing native plugins compatible for Editor in 0.27 ms, found 2 plugins.
Preloading 0 native plugins for Editor in 0.00 ms.
Unloading 1480 Unused Serialized files (Serialized files now loaded: 0)
System memory in use before: 78.8 MB.
System memory in use after: 78.9 MB.

Unloading 13 unused Assets to reduce memory usage. Loaded Objects now: 2013.
Total: 1.374800 ms (FindLiveObjects: 0.124500 ms CreateObjectMapping: 0.038200 ms MarkObjects: 1.198700 ms  DeleteObjects: 0.012600 ms)

========================================================================
Received Prepare
Registering precompiled user dll's ...
Registered in 0.002547 seconds.
Begin MonoManager ReloadAssembly
Native extension for WindowsStandalone target not found
Refreshing native plugins compatible for Editor in 0.29 ms, found 2 plugins.
Preloading 0 native plugins for Editor in 0.00 ms.
Invoked RoslynAnalysisRunner static constructor.
RoslynAnalysisRunner will not be running.
RoslynAnalysisRunner has terminated.
Mono: successfully reloaded assembly
- Completed reload, in  0.729 seconds
Platform modules already initialized, skipping
Refreshing native plugins compatible for Editor in 0.28 ms, found 2 plugins.
Preloading 0 native plugins for Editor in 0.00 ms.
Unloading 1480 Unused Serialized files (Serialized files now loaded: 0)
System memory in use before: 78.8 MB.
System memory in use after: 78.9 MB.

Unloading 13 unused Assets to reduce memory usage. Loaded Objects now: 2016.
Total: 1.588500 ms (FindLiveObjects: 0.163000 ms CreateObjectMapping: 0.053000 ms MarkObjects: 1.356800 ms  DeleteObjects: 0.014800 ms)

========================================================================
Received Import Request.
  Time since last request: 27.869034 seconds.
  path: Assets/Scripts/TankMovement.cs
  artifactKey: Guid(7757add15e4672e46b247159e7d92c1b) Importer(815301076,1909f56bfc062723c751e8b465ee728b)
Start importing Assets/Scripts/TankMovement.cs using Guid(7757add15e4672e46b247159e7d92c1b) Importer(815301076,1909f56bfc062723c751e8b465ee728b)  -> (artifact id: 'a9e317ad4f12c917b1c969c9439a7961') in 0.002835 seconds
  Import took 0.006467 seconds .

========================================================================
Received Import Request.
  Time since last request: 0.667416 seconds.
  path: Assets/Scripts/TankMovement.cs
  artifactKey: Guid(7757add15e4672e46b247159e7d92c1b) Importer(815301076,1909f56bfc062723c751e8b465ee728b)
Start importing Assets/Scripts/TankMovement.cs using Guid(7757add15e4672e46b247159e7d92c1b) Importer(815301076,1909f56bfc062723c751e8b465ee728b)  -> (artifact id: 'a9e317ad4f12c917b1c969c9439a7961') in 0.001161 seconds
  Import took 0.004788 seconds .

========================================================================
Received Prepare
Registering precompiled user dll's ...
Registered in 0.002749 seconds.
Begin MonoManager ReloadAssembly
Native extension for WindowsStandalone target not found
Refreshing native plugins compatible for Editor in 0.28 ms, found 2 plugins.
Preloading 0 native plugins for Editor in 0.00 ms.
Invoked RoslynAnalysisRunner static constructor.
RoslynAnalysisRunner will not be running.
RoslynAnalysisRunner has terminated.
Mono: successfully reloaded assembly
- Completed reload, in  0.717 seconds
Platform modules already initialized, skipping
Refreshing native plugins compatible for Editor in 0.28 ms, found 2 plugins.
Preloading 0 native plugins for Editor in 0.00 ms.
Unloading 1480 Unused Serialized files (Serialized files now loaded: 0)
System memory in use before: 78.8 MB.
System memory in use after: 78.9 MB.

Unloading 13 unused Assets to reduce memory usage. Loaded Objects now: 2019.
Total: 1.364700 ms (FindLiveObjects: 0.130900 ms CreateObjectMapping: 0.042700 ms MarkObjects: 1.177000 ms  DeleteObjects: 0.013300 ms)

========================================================================
Received Import Request.
  Time since last request: 110.657876 seconds.
  path: Assets/Scripts/TankMovement.cs
  artifactKey: Guid(7757add15e4672e46b247159e7d92c1b) Importer(815301076,1909f56bfc062723c751e8b465ee728b)
Start importing Assets/Scripts/TankMovement.cs using Guid(7757add15e4672e46b247159e7d92c1b) Importer(815301076,1909f56bfc062723c751e8b465ee728b)  -> (artifact id: '6bf73264fc2fc4901ef2579ec46992a8') in 0.002807 seconds
  Import took 0.006107 seconds .

========================================================================
Received Import Request.
  Time since last request: 0.679989 seconds.
  path: Assets/Scripts/TankMovement.cs
  artifactKey: Guid(7757add15e4672e46b247159e7d92c1b) Importer(815301076,1909f56bfc062723c751e8b465ee728b)
Start importing Assets/Scripts/TankMovement.cs using Guid(7757add15e4672e46b247159e7d92c1b) Importer(815301076,1909f56bfc062723c751e8b465ee728b)  -> (artifact id: '6bf73264fc2fc4901ef2579ec46992a8') in 0.001274 seconds
  Import took 0.004666 seconds .

========================================================================
Received Prepare
Registering precompiled user dll's ...
Registered in 0.002731 seconds.
Begin MonoManager ReloadAssembly
Native extension for WindowsStandalone target not found
Refreshing native plugins compatible for Editor in 0.28 ms, found 2 plugins.
Preloading 0 native plugins for Editor in 0.00 ms.
Invoked RoslynAnalysisRunner static constructor.
RoslynAnalysisRunner will not be running.
RoslynAnalysisRunner has terminated.
Mono: successfully reloaded assembly
- Completed reload, in  0.748 seconds
Platform modules already initialized, skipping
Refreshing native plugins compatible for Editor in 0.29 ms, found 2 plugins.
Preloading 0 native plugins for Editor in 0.00 ms.
Unloading 1480 Unused Serialized files (Serialized files now loaded: 0)
System memory in use before: 78.8 MB.
System memory in use after: 78.9 MB.

Unloading 13 unused Assets to reduce memory usage. Loaded Objects now: 2022.
Total: 1.443400 ms (FindLiveObjects: 0.128700 ms CreateObjectMapping: 0.042900 ms MarkObjects: 1.258600 ms  DeleteObjects: 0.012400 ms)

========================================================================
Received Import Request.
  Time since last request: 51.996827 seconds.
  path: Assets/Scripts/TankMovement.cs
  artifactKey: Guid(7757add15e4672e46b247159e7d92c1b) Importer(815301076,1909f56bfc062723c751e8b465ee728b)
Start importing Assets/Scripts/TankMovement.cs using Guid(7757add15e4672e46b247159e7d92c1b) Importer(815301076,1909f56bfc062723c751e8b465ee728b)  -> (artifact id: 'b5e1d29161265a0a20fd89fa2e5f9a10') in 0.002870 seconds
  Import took 0.006332 seconds .

========================================================================
Received Prepare
Registering precompiled user dll's ...
Registered in 0.002554 seconds.
Begin MonoManager ReloadAssembly
Native extension for WindowsStandalone target not found
Refreshing native plugins compatible for Editor in 0.38 ms, found 2 plugins.
Preloading 0 native plugins for Editor in 0.00 ms.
Invoked RoslynAnalysisRunner static constructor.
RoslynAnalysisRunner will not be running.
RoslynAnalysisRunner has terminated.
Mono: successfully reloaded assembly
- Completed reload, in  0.823 seconds
Platform modules already initialized, skipping
Refreshing native plugins compatible for Editor in 0.33 ms, found 2 plugins.
Preloading 0 native plugins for Editor in 0.00 ms.
Unloading 1480 Unused Serialized files (Serialized files now loaded: 0)
System memory in use before: 78.8 MB.
System memory in use after: 78.9 MB.

Unloading 13 unused Assets to reduce memory usage. Loaded Objects now: 2025.
Total: 1.768500 ms (FindLiveObjects: 0.137000 ms CreateObjectMapping: 0.047600 ms MarkObjects: 1.566200 ms  DeleteObjects: 0.016600 ms)

========================================================================
Received Prepare
Registering precompiled user dll's ...
Registered in 0.003740 seconds.
Begin MonoManager ReloadAssembly
Native extension for WindowsStandalone target not found
Refreshing native plugins compatible for Editor in 0.33 ms, found 2 plugins.
Preloading 0 native plugins for Editor in 0.00 ms.
Invoked RoslynAnalysisRunner static constructor.
RoslynAnalysisRunner will not be running.
RoslynAnalysisRunner has terminated.
Mono: successfully reloaded assembly
- Completed reload, in  0.846 seconds
Platform modules already initialized, skipping
Refreshing native plugins compatible for Editor in 0.28 ms, found 2 plugins.
Preloading 0 native plugins for Editor in 0.00 ms.
Unloading 1480 Unused Serialized files (Serialized files now loaded: 0)
System memory in use before: 78.8 MB.
System memory in use after: 78.9 MB.

Unloading 13 unused Assets to reduce memory usage. Loaded Objects now: 2028.
Total: 2.083300 ms (FindLiveObjects: 0.193600 ms CreateObjectMapping: 0.055300 ms MarkObjects: 1.816800 ms  DeleteObjects: 0.016300 ms)

========================================================================
Received Import Request.
  Time since last request: 59.546260 seconds.
  path: Assets/Scripts/TankMovement.cs
  artifactKey: Guid(7757add15e4672e46b247159e7d92c1b) Importer(815301076,1909f56bfc062723c751e8b465ee728b)
Start importing Assets/Scripts/TankMovement.cs using Guid(7757add15e4672e46b247159e7d92c1b) Importer(815301076,1909f56bfc062723c751e8b465ee728b)  -> (artifact id: 'b699a3bd2173843e6c364aae64148417') in 0.002921 seconds
  Import took 0.006562 seconds .

========================================================================
Received Import Request.
  Time since last request: 0.005880 seconds.
  path: Assets/Scripts/TankMovement.cs
  artifactKey: Guid(7757add15e4672e46b247159e7d92c1b) Importer(815301076,1909f56bfc062723c751e8b465ee728b)
Start importing Assets/Scripts/TankMovement.cs using Guid(7757add15e4672e46b247159e7d92c1b) Importer(815301076,1909f56bfc062723c751e8b465ee728b)  -> (artifact id: 'b699a3bd2173843e6c364aae64148417') in 0.001259 seconds
  Import took 0.004698 seconds .

========================================================================
Received Prepare
Registering precompiled user dll's ...
Registered in 0.002937 seconds.
Begin MonoManager ReloadAssembly
Native extension for WindowsStandalone target not found
Refreshing native plugins compatible for Editor in 0.28 ms, found 2 plugins.
Preloading 0 native plugins for Editor in 0.00 ms.
Invoked RoslynAnalysisRunner static constructor.
RoslynAnalysisRunner will not be running.
RoslynAnalysisRunner has terminated.
Mono: successfully reloaded assembly
- Completed reload, in  0.712 seconds
Platform modules already initialized, skipping
Refreshing native plugins compatible for Editor in 0.27 ms, found 2 plugins.
Preloading 0 native plugins for Editor in 0.00 ms.
Unloading 1480 Unused Serialized files (Serialized files now loaded: 0)
System memory in use before: 78.8 MB.
System memory in use after: 78.9 MB.

Unloading 13 unused Assets to reduce memory usage. Loaded Objects now: 2031.
Total: 1.644700 ms (FindLiveObjects: 0.186000 ms CreateObjectMapping: 0.062100 ms MarkObjects: 1.382300 ms  DeleteObjects: 0.013500 ms)

========================================================================
Received Import Request.
  Time since last request: 28.024653 seconds.
  path: Assets/Scripts/TankMovement.cs
  artifactKey: Guid(7757add15e4672e46b247159e7d92c1b) Importer(815301076,1909f56bfc062723c751e8b465ee728b)
Start importing Assets/Scripts/TankMovement.cs using Guid(7757add15e4672e46b247159e7d92c1b) Importer(815301076,1909f56bfc062723c751e8b465ee728b)  -> (artifact id: '260e957b5645a4bc5b34acac5b123857') in 0.002855 seconds
  Import took 0.006363 seconds .

========================================================================
Received Import Request.
  Time since last request: 0.664968 seconds.
  path: Assets/Scripts/TankMovement.cs
  artifactKey: Guid(7757add15e4672e46b247159e7d92c1b) Importer(815301076,1909f56bfc062723c751e8b465ee728b)
Start importing Assets/Scripts/TankMovement.cs using Guid(7757add15e4672e46b247159e7d92c1b) Importer(815301076,1909f56bfc062723c751e8b465ee728b)  -> (artifact id: '260e957b5645a4bc5b34acac5b123857') in 0.001308 seconds
  Import took 0.004670 seconds .

========================================================================
Received Prepare
Registering precompiled user dll's ...
Registered in 0.002738 seconds.
Begin MonoManager ReloadAssembly
Native extension for WindowsStandalone target not found
Refreshing native plugins compatible for Editor in 0.28 ms, found 2 plugins.
Preloading 0 native plugins for Editor in 0.00 ms.
Invoked RoslynAnalysisRunner static constructor.
RoslynAnalysisRunner will not be running.
RoslynAnalysisRunner has terminated.
Mono: successfully reloaded assembly
- Completed reload, in  0.746 seconds
Platform modules already initialized, skipping
Refreshing native plugins compatible for Editor in 0.29 ms, found 2 plugins.
Preloading 0 native plugins for Editor in 0.00 ms.
Unloading 1480 Unused Serialized files (Serialized files now loaded: 0)
System memory in use before: 78.8 MB.
System memory in use after: 78.9 MB.

Unloading 13 unused Assets to reduce memory usage. Loaded Objects now: 2034.
Total: 1.814800 ms (FindLiveObjects: 0.219500 ms CreateObjectMapping: 0.074300 ms MarkObjects: 1.505200 ms  DeleteObjects: 0.014800 ms)

========================================================================
Received Import Request.
  Time since last request: 29.590445 seconds.
  path: Assets/Scripts/TankMovement.cs
  artifactKey: Guid(7757add15e4672e46b247159e7d92c1b) Importer(815301076,1909f56bfc062723c751e8b465ee728b)
Start importing Assets/Scripts/TankMovement.cs using Guid(7757add15e4672e46b247159e7d92c1b) Importer(815301076,1909f56bfc062723c751e8b465ee728b)  -> (artifact id: 'e71922317eb7f5468f650bcdba7854e6') in 0.002768 seconds
  Import took 0.006238 seconds .

========================================================================
Received Import Request.
  Time since last request: 0.654553 seconds.
  path: Assets/Scripts/TankMovement.cs
  artifactKey: Guid(7757add15e4672e46b247159e7d92c1b) Importer(815301076,1909f56bfc062723c751e8b465ee728b)
Start importing Assets/Scripts/TankMovement.cs using Guid(7757add15e4672e46b247159e7d92c1b) Importer(815301076,1909f56bfc062723c751e8b465ee728b)  -> (artifact id: 'e71922317eb7f5468f650bcdba7854e6') in 0.001301 seconds
  Import took 0.004680 seconds .

========================================================================
Received Prepare
Registering precompiled user dll's ...
Registered in 0.002603 seconds.
Begin MonoManager ReloadAssembly
Native extension for WindowsStandalone target not found
Refreshing native plugins compatible for Editor in 0.29 ms, found 2 plugins.
Preloading 0 native plugins for Editor in 0.00 ms.
Invoked RoslynAnalysisRunner static constructor.
RoslynAnalysisRunner will not be running.
RoslynAnalysisRunner has terminated.
Mono: successfully reloaded assembly
- Completed reload, in  0.731 seconds
Platform modules already initialized, skipping
Refreshing native plugins compatible for Editor in 0.28 ms, found 2 plugins.
Preloading 0 native plugins for Editor in 0.00 ms.
Unloading 1480 Unused Serialized files (Serialized files now loaded: 0)
System memory in use before: 78.8 MB.
System memory in use after: 78.9 MB.

Unloading 13 unused Assets to reduce memory usage. Loaded Objects now: 2037.
Total: 1.574800 ms (FindLiveObjects: 0.123700 ms CreateObjectMapping: 0.039600 ms MarkObjects: 1.397500 ms  DeleteObjects: 0.013200 ms)

========================================================================
Received Prepare
Registering precompiled user dll's ...
Registered in 0.002725 seconds.
Begin MonoManager ReloadAssembly
Native extension for WindowsStandalone target not found
Refreshing native plugins compatible for Editor in 0.29 ms, found 2 plugins.
Preloading 0 native plugins for Editor in 0.00 ms.
Invoked RoslynAnalysisRunner static constructor.
RoslynAnalysisRunner will not be running.
RoslynAnalysisRunner has terminated.
Mono: successfully reloaded assembly
- Completed reload, in  0.721 seconds
Platform modules already initialized, skipping
Refreshing native plugins compatible for Editor in 0.31 ms, found 2 plugins.
Preloading 0 native plugins for Editor in 0.00 ms.
Unloading 1480 Unused Serialized files (Serialized files now loaded: 0)
System memory in use before: 78.8 MB.
System memory in use after: 78.9 MB.

Unloading 13 unused Assets to reduce memory usage. Loaded Objects now: 2040.
Total: 1.487500 ms (FindLiveObjects: 0.138400 ms CreateObjectMapping: 0.045900 ms MarkObjects: 1.287900 ms  DeleteObjects: 0.014400 ms)

========================================================================
Received Import Request.
  Time since last request: 43.107787 seconds.
  path: Assets/Scripts/TankMovement.cs
  artifactKey: Guid(7757add15e4672e46b247159e7d92c1b) Importer(815301076,1909f56bfc062723c751e8b465ee728b)
Start importing Assets/Scripts/TankMovement.cs using Guid(7757add15e4672e46b247159e7d92c1b) Importer(815301076,1909f56bfc062723c751e8b465ee728b)  -> (artifact id: '6f9fdb84ab0e1587e8feff68fcf12c04') in 0.002856 seconds
  Import took 0.006144 seconds .

========================================================================
Received Import Request.
  Time since last request: 0.722041 seconds.
  path: Assets/Scripts/TankMovement.cs
  artifactKey: Guid(7757add15e4672e46b247159e7d92c1b) Importer(815301076,1909f56bfc062723c751e8b465ee728b)
Start importing Assets/Scripts/TankMovement.cs using Guid(7757add15e4672e46b247159e7d92c1b) Importer(815301076,1909f56bfc062723c751e8b465ee728b)  -> (artifact id: '6f9fdb84ab0e1587e8feff68fcf12c04') in 0.001249 seconds
  Import took 0.005691 seconds .

========================================================================
Received Prepare
Registering precompiled user dll's ...
Registered in 0.002585 seconds.
Begin MonoManager ReloadAssembly
Native extension for WindowsStandalone target not found
Refreshing native plugins compatible for Editor in 0.30 ms, found 2 plugins.
Preloading 0 native plugins for Editor in 0.00 ms.
Invoked RoslynAnalysisRunner static constructor.
RoslynAnalysisRunner will not be running.
RoslynAnalysisRunner has terminated.
Mono: successfully reloaded assembly
- Completed reload, in  0.715 seconds
Platform modules already initialized, skipping
Refreshing native plugins compatible for Editor in 0.28 ms, found 2 plugins.
Preloading 0 native plugins for Editor in 0.00 ms.
Unloading 1480 Unused Serialized files (Serialized files now loaded: 0)
System memory in use before: 78.8 MB.
System memory in use after: 78.9 MB.

Unloading 13 unused Assets to reduce memory usage. Loaded Objects now: 2043.
Total: 1.699600 ms (FindLiveObjects: 0.188100 ms CreateObjectMapping: 0.060200 ms MarkObjects: 1.434500 ms  DeleteObjects: 0.015600 ms)

========================================================================
Received Import Request.
  Time since last request: 56.901048 seconds.
  path: Assets/Scripts/TankMovement.cs
  artifactKey: Guid(7757add15e4672e46b247159e7d92c1b) Importer(815301076,1909f56bfc062723c751e8b465ee728b)
Start importing Assets/Scripts/TankMovement.cs using Guid(7757add15e4672e46b247159e7d92c1b) Importer(815301076,1909f56bfc062723c751e8b465ee728b)  -> (artifact id: 'b7340930e0a81bf166b0a2f36031b996') in 0.002931 seconds
  Import took 0.006181 seconds .

========================================================================
Received Import Request.
  Time since last request: 0.816586 seconds.
  path: Assets/Scripts/TankMovement.cs
  artifactKey: Guid(7757add15e4672e46b247159e7d92c1b) Importer(815301076,1909f56bfc062723c751e8b465ee728b)
Start importing Assets/Scripts/TankMovement.cs using Guid(7757add15e4672e46b247159e7d92c1b) Importer(815301076,1909f56bfc062723c751e8b465ee728b)  -> (artifact id: 'b7340930e0a81bf166b0a2f36031b996') in 0.001274 seconds
  Import took 0.004531 seconds .

========================================================================
Received Prepare
Registering precompiled user dll's ...
Registered in 0.003054 seconds.
Begin MonoManager ReloadAssembly
Native extension for WindowsStandalone target not found
Refreshing native plugins compatible for Editor in 0.27 ms, found 2 plugins.
Preloading 0 native plugins for Editor in 0.00 ms.
Invoked RoslynAnalysisRunner static constructor.
RoslynAnalysisRunner will not be running.
RoslynAnalysisRunner has terminated.
Mono: successfully reloaded assembly
- Completed reload, in  0.733 seconds
Platform modules already initialized, skipping
Refreshing native plugins compatible for Editor in 0.29 ms, found 2 plugins.
Preloading 0 native plugins for Editor in 0.00 ms.
Unloading 1480 Unused Serialized files (Serialized files now loaded: 0)
System memory in use before: 78.8 MB.
System memory in use after: 78.9 MB.

Unloading 13 unused Assets to reduce memory usage. Loaded Objects now: 2046.
Total: 1.607500 ms (FindLiveObjects: 0.119400 ms CreateObjectMapping: 0.042500 ms MarkObjects: 1.431900 ms  DeleteObjects: 0.013000 ms)

========================================================================
Received Import Request.
  Time since last request: 213.435087 seconds.
  path: Assets/Scripts/Mine.cs
  artifactKey: Guid(9bebae341bcc7e643ae16ff9d23f40b2) Importer(815301076,1909f56bfc062723c751e8b465ee728b)
Start importing Assets/Scripts/Mine.cs using Guid(9bebae341bcc7e643ae16ff9d23f40b2) Importer(815301076,1909f56bfc062723c751e8b465ee728b)  -> (artifact id: '4bb4d7e71128454588a28b6b0081a89d') in 0.006556 seconds
  Import took 0.010192 seconds .

========================================================================
Received Prepare
Registering precompiled user dll's ...
Registered in 0.002533 seconds.
Begin MonoManager ReloadAssembly
Native extension for WindowsStandalone target not found
Refreshing native plugins compatible for Editor in 0.29 ms, found 2 plugins.
Preloading 0 native plugins for Editor in 0.00 ms.
Invoked RoslynAnalysisRunner static constructor.
RoslynAnalysisRunner will not be running.
RoslynAnalysisRunner has terminated.
Mono: successfully reloaded assembly
- Completed reload, in  0.720 seconds
Platform modules already initialized, skipping
Refreshing native plugins compatible for Editor in 0.28 ms, found 2 plugins.
Preloading 0 native plugins for Editor in 0.00 ms.
Unloading 1480 Unused Serialized files (Serialized files now loaded: 0)
System memory in use before: 78.8 MB.
System memory in use after: 78.9 MB.

Unloading 13 unused Assets to reduce memory usage. Loaded Objects now: 2049.
Total: 1.412300 ms (FindLiveObjects: 0.125300 ms CreateObjectMapping: 0.040800 ms MarkObjects: 1.233000 ms  DeleteObjects: 0.012100 ms)

========================================================================
Received Prepare
Registering precompiled user dll's ...
Registered in 0.002572 seconds.
Begin MonoManager ReloadAssembly
Native extension for WindowsStandalone target not found
Refreshing native plugins compatible for Editor in 0.28 ms, found 2 plugins.
Preloading 0 native plugins for Editor in 0.00 ms.
Invoked RoslynAnalysisRunner static constructor.
RoslynAnalysisRunner will not be running.
RoslynAnalysisRunner has terminated.
Mono: successfully reloaded assembly
- Completed reload, in  0.723 seconds
Platform modules already initialized, skipping
Refreshing native plugins compatible for Editor in 0.30 ms, found 2 plugins.
Preloading 0 native plugins for Editor in 0.00 ms.
Unloading 1480 Unused Serialized files (Serialized files now loaded: 0)
System memory in use before: 78.8 MB.
System memory in use after: 78.9 MB.

Unloading 13 unused Assets to reduce memory usage. Loaded Objects now: 2052.
Total: 2.088700 ms (FindLiveObjects: 0.212900 ms CreateObjectMapping: 0.084300 ms MarkObjects: 1.768100 ms  DeleteObjects: 0.022100 ms)

========================================================================
Received Prepare
Registering precompiled user dll's ...
Registered in 0.002591 seconds.
Begin MonoManager ReloadAssembly
Native extension for WindowsStandalone target not found
Refreshing native plugins compatible for Editor in 0.30 ms, found 2 plugins.
Preloading 0 native plugins for Editor in 0.00 ms.
Invoked RoslynAnalysisRunner static constructor.
RoslynAnalysisRunner will not be running.
RoslynAnalysisRunner has terminated.
Mono: successfully reloaded assembly
- Completed reload, in  0.744 seconds
Platform modules already initialized, skipping
Refreshing native plugins compatible for Editor in 0.27 ms, found 2 plugins.
Preloading 0 native plugins for Editor in 0.00 ms.
Unloading 1480 Unused Serialized files (Serialized files now loaded: 0)
System memory in use before: 78.8 MB.
System memory in use after: 78.9 MB.

Unloading 13 unused Assets to reduce memory usage. Loaded Objects now: 2055.
Total: 1.462000 ms (FindLiveObjects: 0.129900 ms CreateObjectMapping: 0.043200 ms MarkObjects: 1.274000 ms  DeleteObjects: 0.014100 ms)

========================================================================
Received Prepare
Registering precompiled user dll's ...
Registered in 0.002927 seconds.
Begin MonoManager ReloadAssembly
Native extension for WindowsStandalone target not found
Refreshing native plugins compatible for Editor in 0.34 ms, found 2 plugins.
Preloading 0 native plugins for Editor in 0.00 ms.
Invoked RoslynAnalysisRunner static constructor.
RoslynAnalysisRunner will not be running.
RoslynAnalysisRunner has terminated.
Mono: successfully reloaded assembly
- Completed reload, in  0.739 seconds
Platform modules already initialized, skipping
Refreshing native plugins compatible for Editor in 0.28 ms, found 2 plugins.
Preloading 0 native plugins for Editor in 0.00 ms.
Unloading 1480 Unused Serialized files (Serialized files now loaded: 0)
System memory in use before: 78.8 MB.
System memory in use after: 78.9 MB.

Unloading 13 unused Assets to reduce memory usage. Loaded Objects now: 2058.
Total: 1.512200 ms (FindLiveObjects: 0.144400 ms CreateObjectMapping: 0.046800 ms MarkObjects: 1.305700 ms  DeleteObjects: 0.014300 ms)

========================================================================
Received Prepare
Registering precompiled user dll's ...
Registered in 0.002564 seconds.
Begin MonoManager ReloadAssembly
Native extension for WindowsStandalone target not found
Refreshing native plugins compatible for Editor in 0.47 ms, found 2 plugins.
Preloading 0 native plugins for Editor in 0.00 ms.
Invoked RoslynAnalysisRunner static constructor.
RoslynAnalysisRunner will not be running.
RoslynAnalysisRunner has terminated.
Mono: successfully reloaded assembly
- Completed reload, in  0.720 seconds
Platform modules already initialized, skipping
Refreshing native plugins compatible for Editor in 0.28 ms, found 2 plugins.
Preloading 0 native plugins for Editor in 0.00 ms.
Unloading 1480 Unused Serialized files (Serialized files now loaded: 0)
System memory in use before: 78.8 MB.
System memory in use after: 78.9 MB.

Unloading 13 unused Assets to reduce memory usage. Loaded Objects now: 2061.
Total: 1.486900 ms (FindLiveObjects: 0.146900 ms CreateObjectMapping: 0.045600 ms MarkObjects: 1.280000 ms  DeleteObjects: 0.013400 ms)

========================================================================
Received Prepare
Registering precompiled user dll's ...
Registered in 0.003140 seconds.
Begin MonoManager ReloadAssembly
Native extension for WindowsStandalone target not found
Refreshing native plugins compatible for Editor in 0.28 ms, found 2 plugins.
Preloading 0 native plugins for Editor in 0.00 ms.
Invoked RoslynAnalysisRunner static constructor.
RoslynAnalysisRunner will not be running.
RoslynAnalysisRunner has terminated.
Mono: successfully reloaded assembly
- Completed reload, in  0.729 seconds
Platform modules already initialized, skipping
Refreshing native plugins compatible for Editor in 0.29 ms, found 2 plugins.
Preloading 0 native plugins for Editor in 0.00 ms.
Unloading 1480 Unused Serialized files (Serialized files now loaded: 0)
System memory in use before: 78.8 MB.
System memory in use after: 78.9 MB.

Unloading 13 unused Assets to reduce memory usage. Loaded Objects now: 2064.
Total: 1.690800 ms (FindLiveObjects: 0.152200 ms CreateObjectMapping: 0.046000 ms MarkObjects: 1.471700 ms  DeleteObjects: 0.019700 ms)

========================================================================
Received Prepare
Registering precompiled user dll's ...
Registered in 0.002587 seconds.
Begin MonoManager ReloadAssembly
Native extension for WindowsStandalone target not found
Refreshing native plugins compatible for Editor in 0.28 ms, found 2 plugins.
Preloading 0 native plugins for Editor in 0.00 ms.
Invoked RoslynAnalysisRunner static constructor.
RoslynAnalysisRunner will not be running.
RoslynAnalysisRunner has terminated.
Mono: successfully reloaded assembly
- Completed reload, in  0.735 seconds
Platform modules already initialized, skipping
Refreshing native plugins compatible for Editor in 0.31 ms, found 2 plugins.
Preloading 0 native plugins for Editor in 0.00 ms.
Unloading 1480 Unused Serialized files (Serialized files now loaded: 0)
System memory in use before: 78.8 MB.
System memory in use after: 78.9 MB.

Unloading 13 unused Assets to reduce memory usage. Loaded Objects now: 2067.
Total: 1.554400 ms (FindLiveObjects: 0.250400 ms CreateObjectMapping: 0.064800 ms MarkObjects: 1.224400 ms  DeleteObjects: 0.013200 ms)

========================================================================
Received Prepare
Registering precompiled user dll's ...
Registered in 0.002740 seconds.
Begin MonoManager ReloadAssembly
Native extension for WindowsStandalone target not found
Refreshing native plugins compatible for Editor in 0.28 ms, found 2 plugins.
Preloading 0 native plugins for Editor in 0.00 ms.
Invoked RoslynAnalysisRunner static constructor.
RoslynAnalysisRunner will not be running.
RoslynAnalysisRunner has terminated.
Mono: successfully reloaded assembly
- Completed reload, in  0.722 seconds
Platform modules already initialized, skipping
Refreshing native plugins compatible for Editor in 0.27 ms, found 2 plugins.
Preloading 0 native plugins for Editor in 0.00 ms.
Unloading 1480 Unused Serialized files (Serialized files now loaded: 0)
System memory in use before: 78.9 MB.
System memory in use after: 79.0 MB.

Unloading 13 unused Assets to reduce memory usage. Loaded Objects now: 2070.
Total: 1.651600 ms (FindLiveObjects: 0.155200 ms CreateObjectMapping: 0.063200 ms MarkObjects: 1.419900 ms  DeleteObjects: 0.012700 ms)

========================================================================
Received Prepare
Registering precompiled user dll's ...
Registered in 0.003337 seconds.
Begin MonoManager ReloadAssembly
Native extension for WindowsStandalone target not found
Refreshing native plugins compatible for Editor in 0.28 ms, found 2 plugins.
Preloading 0 native plugins for Editor in 0.00 ms.
Invoked RoslynAnalysisRunner static constructor.
RoslynAnalysisRunner will not be running.
RoslynAnalysisRunner has terminated.
Mono: successfully reloaded assembly
- Completed reload, in  0.735 seconds
Platform modules already initialized, skipping
Refreshing native plugins compatible for Editor in 0.27 ms, found 2 plugins.
Preloading 0 native plugins for Editor in 0.00 ms.
Unloading 1480 Unused Serialized files (Serialized files now loaded: 0)
System memory in use before: 78.9 MB.
System memory in use after: 79.0 MB.

Unloading 13 unused Assets to reduce memory usage. Loaded Objects now: 2073.
Total: 1.531000 ms (FindLiveObjects: 0.132400 ms CreateObjectMapping: 0.036900 ms MarkObjects: 1.348400 ms  DeleteObjects: 0.012700 ms)

========================================================================
Received Prepare
Registering precompiled user dll's ...
Registered in 0.002498 seconds.
Begin MonoManager ReloadAssembly
Native extension for WindowsStandalone target not found
Refreshing native plugins compatible for Editor in 0.29 ms, found 2 plugins.
Preloading 0 native plugins for Editor in 0.00 ms.
Invoked RoslynAnalysisRunner static constructor.
RoslynAnalysisRunner will not be running.
RoslynAnalysisRunner has terminated.
Mono: successfully reloaded assembly
- Completed reload, in  0.717 seconds
Platform modules already initialized, skipping
Refreshing native plugins compatible for Editor in 0.27 ms, found 2 plugins.
Preloading 0 native plugins for Editor in 0.00 ms.
Unloading 1480 Unused Serialized files (Serialized files now loaded: 0)
System memory in use before: 78.9 MB.
System memory in use after: 79.0 MB.

Unloading 13 unused Assets to reduce memory usage. Loaded Objects now: 2076.
Total: 1.689100 ms (FindLiveObjects: 0.179700 ms CreateObjectMapping: 0.067700 ms MarkObjects: 1.427800 ms  DeleteObjects: 0.013200 ms)

========================================================================
Received Import Request.
  Time since last request: 828.451758 seconds.
  path: Assets/Prefabs/ShellExplosion.prefab
  artifactKey: Guid(89e78efe92dfe5a42837b392cdb0bf9e) Importer(815301076,1909f56bfc062723c751e8b465ee728b)
Start importing Assets/Prefabs/ShellExplosion.prefab using Guid(89e78efe92dfe5a42837b392cdb0bf9e) Importer(815301076,1909f56bfc062723c751e8b465ee728b)  -> (artifact id: 'b9de6462dffaf071252438d4399ecde2') in 0.025529 seconds
  Import took 0.029279 seconds .

========================================================================
Received Import Request.
  Time since last request: 0.000233 seconds.
  path: Assets/Prefabs/TankExplosion.prefab
  artifactKey: Guid(ee49a9a8678ecf8468eb488e1ac8d42b) Importer(815301076,1909f56bfc062723c751e8b465ee728b)
Start importing Assets/Prefabs/TankExplosion.prefab using Guid(ee49a9a8678ecf8468eb488e1ac8d42b) Importer(815301076,1909f56bfc062723c751e8b465ee728b)  -> (artifact id: 'b4e180cbca7122a73d250ab8913ee1fb') in 0.005572 seconds
  Import took 0.009038 seconds .

========================================================================
Received Import Request.
  Time since last request: 10.656239 seconds.
  path: Assets/Prefabs/ShellExplosion.prefab
  artifactKey: Guid(89e78efe92dfe5a42837b392cdb0bf9e) Importer(815301076,1909f56bfc062723c751e8b465ee728b)
Start importing Assets/Prefabs/ShellExplosion.prefab using Guid(89e78efe92dfe5a42837b392cdb0bf9e) Importer(815301076,1909f56bfc062723c751e8b465ee728b)  -> (artifact id: '7940bd62934d3b39200dffb1149146bd') in 0.002758 seconds
  Import took 0.006484 seconds .

========================================================================
Received Import Request.
  Time since last request: 0.003243 seconds.
  path: Assets/Prefabs/ShellExplosion.prefab
  artifactKey: Guid(89e78efe92dfe5a42837b392cdb0bf9e) Importer(815301076,1909f56bfc062723c751e8b465ee728b)
Start importing Assets/Prefabs/ShellExplosion.prefab using Guid(89e78efe92dfe5a42837b392cdb0bf9e) Importer(815301076,1909f56bfc062723c751e8b465ee728b)  -> (artifact id: '7940bd62934d3b39200dffb1149146bd') in 0.002831 seconds
  Import took 0.006673 seconds .

========================================================================
Received Import Request.
  Time since last request: 5.943600 seconds.
  path: Assets/Prefabs/ShellExplosion.prefab
  artifactKey: Guid(89e78efe92dfe5a42837b392cdb0bf9e) Importer(815301076,1909f56bfc062723c751e8b465ee728b)
Start importing Assets/Prefabs/ShellExplosion.prefab using Guid(89e78efe92dfe5a42837b392cdb0bf9e) Importer(815301076,1909f56bfc062723c751e8b465ee728b)  -> (artifact id: 'c51af588e8c5564a13e6dedc326112bd') in 0.002877 seconds
  Import took 0.006973 seconds .

========================================================================
Received Import Request.
  Time since last request: 0.002547 seconds.
  path: Assets/Prefabs/ShellExplosion.prefab
  artifactKey: Guid(89e78efe92dfe5a42837b392cdb0bf9e) Importer(815301076,1909f56bfc062723c751e8b465ee728b)
Start importing Assets/Prefabs/ShellExplosion.prefab using Guid(89e78efe92dfe5a42837b392cdb0bf9e) Importer(815301076,1909f56bfc062723c751e8b465ee728b)  -> (artifact id: 'c51af588e8c5564a13e6dedc326112bd') in 0.002846 seconds
  Import took 0.006588 seconds .

========================================================================
Received Prepare
Registering precompiled user dll's ...
Registered in 0.002454 seconds.
Begin MonoManager ReloadAssembly
Native extension for WindowsStandalone target not found
Refreshing native plugins compatible for Editor in 0.29 ms, found 2 plugins.
Preloading 0 native plugins for Editor in 0.00 ms.
Invoked RoslynAnalysisRunner static constructor.
RoslynAnalysisRunner will not be running.
RoslynAnalysisRunner has terminated.
Mono: successfully reloaded assembly
- Completed reload, in  0.713 seconds
Platform modules already initialized, skipping
Refreshing native plugins compatible for Editor in 0.27 ms, found 2 plugins.
Preloading 0 native plugins for Editor in 0.00 ms.
Unloading 1480 Unused Serialized files (Serialized files now loaded: 0)
System memory in use before: 78.9 MB.
System memory in use after: 79.0 MB.

Unloading 13 unused Assets to reduce memory usage. Loaded Objects now: 2080.
Total: 1.365000 ms (FindLiveObjects: 0.125400 ms CreateObjectMapping: 0.043900 ms MarkObjects: 1.183000 ms  DeleteObjects: 0.011900 ms)

========================================================================
Received Import Request.
  Time since last request: 12.983210 seconds.
  path: Assets/Prefabs/TankExplosion.prefab
  artifactKey: Guid(ee49a9a8678ecf8468eb488e1ac8d42b) Importer(815301076,1909f56bfc062723c751e8b465ee728b)
Start importing Assets/Prefabs/TankExplosion.prefab using Guid(ee49a9a8678ecf8468eb488e1ac8d42b) Importer(815301076,1909f56bfc062723c751e8b465ee728b)  -> (artifact id: 'd0c2a179f7e162a508bb3511c2a776ee') in 0.021455 seconds
  Import took 0.025049 seconds .

========================================================================
Received Import Request.
  Time since last request: 0.000196 seconds.
  path: Assets/Prefabs/ShellExplosion.prefab
  artifactKey: Guid(89e78efe92dfe5a42837b392cdb0bf9e) Importer(815301076,1909f56bfc062723c751e8b465ee728b)
Start importing Assets/Prefabs/ShellExplosion.prefab using Guid(89e78efe92dfe5a42837b392cdb0bf9e) Importer(815301076,1909f56bfc062723c751e8b465ee728b)  -> (artifact id: '2f5e92ad12cdde8f0f0ee84345b68035') in 0.002450 seconds
  Import took 0.005789 seconds .

========================================================================
Received Import Request.
  Time since last request: 0.018056 seconds.
  path: Assets/Prefabs/ShellExplosion.prefab
  artifactKey: Guid(89e78efe92dfe5a42837b392cdb0bf9e) Importer(815301076,1909f56bfc062723c751e8b465ee728b)
Start importing Assets/Prefabs/ShellExplosion.prefab using Guid(89e78efe92dfe5a42837b392cdb0bf9e) Importer(815301076,1909f56bfc062723c751e8b465ee728b)  -> (artifact id: '2f5e92ad12cdde8f0f0ee84345b68035') in 0.002909 seconds
  Import took 0.006556 seconds .

========================================================================
Received Import Request.
  Time since last request: 9.233806 seconds.
  path: Assets/Prefabs/ShellExplosion.prefab
  artifactKey: Guid(89e78efe92dfe5a42837b392cdb0bf9e) Importer(815301076,1909f56bfc062723c751e8b465ee728b)
Start importing Assets/Prefabs/ShellExplosion.prefab using Guid(89e78efe92dfe5a42837b392cdb0bf9e) Importer(815301076,1909f56bfc062723c751e8b465ee728b)  -> (artifact id: '1559adf31bdf7e1a89f8eff0a050d5e1') in 0.003671 seconds
  Import took 0.007803 seconds .

========================================================================
Received Prepare
Registering precompiled user dll's ...
Registered in 0.002524 seconds.
Begin MonoManager ReloadAssembly
Native extension for WindowsStandalone target not found
Refreshing native plugins compatible for Editor in 0.28 ms, found 2 plugins.
Preloading 0 native plugins for Editor in 0.00 ms.
Invoked RoslynAnalysisRunner static constructor.
RoslynAnalysisRunner will not be running.
RoslynAnalysisRunner has terminated.
Mono: successfully reloaded assembly
- Completed reload, in  0.720 seconds
Platform modules already initialized, skipping
Refreshing native plugins compatible for Editor in 0.27 ms, found 2 plugins.
Preloading 0 native plugins for Editor in 0.00 ms.
Unloading 1480 Unused Serialized files (Serialized files now loaded: 0)
System memory in use before: 78.9 MB.
System memory in use after: 79.0 MB.

Unloading 13 unused Assets to reduce memory usage. Loaded Objects now: 2083.
Total: 1.422000 ms (FindLiveObjects: 0.123000 ms CreateObjectMapping: 0.040700 ms MarkObjects: 1.245800 ms  DeleteObjects: 0.012000 ms)

========================================================================
Received Import Request.
  Time since last request: 36.685694 seconds.
  path: Assets/Prefabs/ShellExplosion.prefab
  artifactKey: Guid(89e78efe92dfe5a42837b392cdb0bf9e) Importer(815301076,1909f56bfc062723c751e8b465ee728b)
Start importing Assets/Prefabs/ShellExplosion.prefab using Guid(89e78efe92dfe5a42837b392cdb0bf9e) Importer(815301076,1909f56bfc062723c751e8b465ee728b)  -> (artifact id: 'bfbf14a4d803c3fe47713c95ff900dc9') in 0.022100 seconds
  Import took 0.025989 seconds .

========================================================================
Received Import Request.
  Time since last request: 0.004234 seconds.
  path: Assets/Prefabs/ShellExplosion.prefab
  artifactKey: Guid(89e78efe92dfe5a42837b392cdb0bf9e) Importer(815301076,1909f56bfc062723c751e8b465ee728b)
Start importing Assets/Prefabs/ShellExplosion.prefab using Guid(89e78efe92dfe5a42837b392cdb0bf9e) Importer(815301076,1909f56bfc062723c751e8b465ee728b)  -> (artifact id: 'bfbf14a4d803c3fe47713c95ff900dc9') in 0.003127 seconds
  Import took 0.007002 seconds .

========================================================================
Received Prepare
Registering precompiled user dll's ...
Registered in 0.002509 seconds.
Begin MonoManager ReloadAssembly
Native extension for WindowsStandalone target not found
Refreshing native plugins compatible for Editor in 0.28 ms, found 2 plugins.
Preloading 0 native plugins for Editor in 0.00 ms.
Invoked RoslynAnalysisRunner static constructor.
RoslynAnalysisRunner will not be running.
RoslynAnalysisRunner has terminated.
Mono: successfully reloaded assembly
- Completed reload, in  0.731 seconds
Platform modules already initialized, skipping
Refreshing native plugins compatible for Editor in 0.27 ms, found 2 plugins.
Preloading 0 native plugins for Editor in 0.00 ms.
Unloading 1480 Unused Serialized files (Serialized files now loaded: 0)
System memory in use before: 78.9 MB.
System memory in use after: 79.0 MB.

Unloading 13 unused Assets to reduce memory usage. Loaded Objects now: 2086.
Total: 1.439400 ms (FindLiveObjects: 0.124500 ms CreateObjectMapping: 0.042100 ms MarkObjects: 1.261000 ms  DeleteObjects: 0.011000 ms)

========================================================================
Received Import Request.
  Time since last request: 29.979498 seconds.
  path: Assets/Prefabs/TankExplosion.prefab
  artifactKey: Guid(ee49a9a8678ecf8468eb488e1ac8d42b) Importer(815301076,1909f56bfc062723c751e8b465ee728b)
Start importing Assets/Prefabs/TankExplosion.prefab using Guid(ee49a9a8678ecf8468eb488e1ac8d42b) Importer(815301076,1909f56bfc062723c751e8b465ee728b)  -> (artifact id: '21cd769b3512c686240a0d54043ba46e') in 0.022430 seconds
  Import took 0.026261 seconds .

========================================================================
Received Import Request.
  Time since last request: 5.868232 seconds.
  path: Assets/Prefabs/TankExplosion.prefab
  artifactKey: Guid(ee49a9a8678ecf8468eb488e1ac8d42b) Importer(815301076,1909f56bfc062723c751e8b465ee728b)
Start importing Assets/Prefabs/TankExplosion.prefab using Guid(ee49a9a8678ecf8468eb488e1ac8d42b) Importer(815301076,1909f56bfc062723c751e8b465ee728b)  -> (artifact id: '03c82d176f624d1ef5434d26b31db3cc') in 0.003023 seconds
  Import took 0.006954 seconds .

========================================================================
Received Import Request.
  Time since last request: 4.280838 seconds.
  path: Assets/Prefabs/TankExplosion.prefab
  artifactKey: Guid(ee49a9a8678ecf8468eb488e1ac8d42b) Importer(815301076,1909f56bfc062723c751e8b465ee728b)
Start importing Assets/Prefabs/TankExplosion.prefab using Guid(ee49a9a8678ecf8468eb488e1ac8d42b) Importer(815301076,1909f56bfc062723c751e8b465ee728b)  -> (artifact id: '3a7424b43d95db734d316be319f61d7c') in 0.002737 seconds
  Import took 0.006392 seconds .

========================================================================
Received Prepare
Registering precompiled user dll's ...
Registered in 0.002505 seconds.
Begin MonoManager ReloadAssembly
Native extension for WindowsStandalone target not found
Refreshing native plugins compatible for Editor in 0.29 ms, found 2 plugins.
Preloading 0 native plugins for Editor in 0.00 ms.
Invoked RoslynAnalysisRunner static constructor.
RoslynAnalysisRunner will not be running.
RoslynAnalysisRunner has terminated.
Mono: successfully reloaded assembly
- Completed reload, in  0.743 seconds
Platform modules already initialized, skipping
Refreshing native plugins compatible for Editor in 0.28 ms, found 2 plugins.
Preloading 0 native plugins for Editor in 0.00 ms.
Unloading 1480 Unused Serialized files (Serialized files now loaded: 0)
System memory in use before: 78.9 MB.
System memory in use after: 79.0 MB.

Unloading 13 unused Assets to reduce memory usage. Loaded Objects now: 2089.
Total: 1.415400 ms (FindLiveObjects: 0.124400 ms CreateObjectMapping: 0.040800 ms MarkObjects: 1.237300 ms  DeleteObjects: 0.012100 ms)

========================================================================
Received Prepare
Registering precompiled user dll's ...
Registered in 0.002512 seconds.
Begin MonoManager ReloadAssembly
Native extension for WindowsStandalone target not found
Refreshing native plugins compatible for Editor in 0.28 ms, found 2 plugins.
Preloading 0 native plugins for Editor in 0.00 ms.
Invoked RoslynAnalysisRunner static constructor.
RoslynAnalysisRunner will not be running.
RoslynAnalysisRunner has terminated.
Mono: successfully reloaded assembly
- Completed reload, in  0.721 seconds
Platform modules already initialized, skipping
Refreshing native plugins compatible for Editor in 0.27 ms, found 2 plugins.
Preloading 0 native plugins for Editor in 0.00 ms.
Unloading 1480 Unused Serialized files (Serialized files now loaded: 0)
System memory in use before: 78.9 MB.
System memory in use after: 79.0 MB.

Unloading 13 unused Assets to reduce memory usage. Loaded Objects now: 2092.
Total: 1.595600 ms (FindLiveObjects: 0.156100 ms CreateObjectMapping: 0.048500 ms MarkObjects: 1.374500 ms  DeleteObjects: 0.015200 ms)

========================================================================
Received Prepare
Registering precompiled user dll's ...
Registered in 0.002577 seconds.
Begin MonoManager ReloadAssembly
Native extension for WindowsStandalone target not found
Refreshing native plugins compatible for Editor in 0.27 ms, found 2 plugins.
Preloading 0 native plugins for Editor in 0.00 ms.
Invoked RoslynAnalysisRunner static constructor.
RoslynAnalysisRunner will not be running.
RoslynAnalysisRunner has terminated.
Mono: successfully reloaded assembly
- Completed reload, in  0.718 seconds
Platform modules already initialized, skipping
Refreshing native plugins compatible for Editor in 0.27 ms, found 2 plugins.
Preloading 0 native plugins for Editor in 0.00 ms.
Unloading 1480 Unused Serialized files (Serialized files now loaded: 0)
System memory in use before: 79.0 MB.
System memory in use after: 79.1 MB.

Unloading 13 unused Assets to reduce memory usage. Loaded Objects now: 2095.
Total: 1.418200 ms (FindLiveObjects: 0.123400 ms CreateObjectMapping: 0.040200 ms MarkObjects: 1.240100 ms  DeleteObjects: 0.013800 ms)

========================================================================
Received Prepare
Registering precompiled user dll's ...
Registered in 0.002592 seconds.
Begin MonoManager ReloadAssembly
Native extension for WindowsStandalone target not found
Refreshing native plugins compatible for Editor in 0.31 ms, found 2 plugins.
Preloading 0 native plugins for Editor in 0.00 ms.
Invoked RoslynAnalysisRunner static constructor.
RoslynAnalysisRunner will not be running.
RoslynAnalysisRunner has terminated.
Mono: successfully reloaded assembly
- Completed reload, in  0.770 seconds
Platform modules already initialized, skipping
Refreshing native plugins compatible for Editor in 0.30 ms, found 2 plugins.
Preloading 0 native plugins for Editor in 0.00 ms.
Unloading 1480 Unused Serialized files (Serialized files now loaded: 0)
System memory in use before: 79.0 MB.
System memory in use after: 79.1 MB.

Unloading 13 unused Assets to reduce memory usage. Loaded Objects now: 2098.
Total: 1.565900 ms (FindLiveObjects: 0.146800 ms CreateObjectMapping: 0.049100 ms MarkObjects: 1.354200 ms  DeleteObjects: 0.014500 ms)

========================================================================
Received Import Request.
  Time since last request: 677.842662 seconds.
  path: Assets/Prefabs/ShellExplosion.prefab
  artifactKey: Guid(89e78efe92dfe5a42837b392cdb0bf9e) Importer(815301076,1909f56bfc062723c751e8b465ee728b)
Start importing Assets/Prefabs/ShellExplosion.prefab using Guid(89e78efe92dfe5a42837b392cdb0bf9e) Importer(815301076,1909f56bfc062723c751e8b465ee728b)  -> (artifact id: '33f97a0f0a0f99cec135635ab3c44f21') in 0.024091 seconds
  Import took 0.028483 seconds .

========================================================================
Received Prepare
Registering precompiled user dll's ...
Registered in 0.002618 seconds.
Begin MonoManager ReloadAssembly
Native extension for WindowsStandalone target not found
Refreshing native plugins compatible for Editor in 0.36 ms, found 2 plugins.
Preloading 0 native plugins for Editor in 0.00 ms.
Invoked RoslynAnalysisRunner static constructor.
RoslynAnalysisRunner will not be running.
RoslynAnalysisRunner has terminated.
Mono: successfully reloaded assembly
- Completed reload, in  0.815 seconds
Platform modules already initialized, skipping
Refreshing native plugins compatible for Editor in 0.28 ms, found 2 plugins.
Preloading 0 native plugins for Editor in 0.00 ms.
Unloading 1480 Unused Serialized files (Serialized files now loaded: 0)
System memory in use before: 79.0 MB.
System memory in use after: 79.1 MB.

Unloading 13 unused Assets to reduce memory usage. Loaded Objects now: 2101.
Total: 1.890000 ms (FindLiveObjects: 0.243000 ms CreateObjectMapping: 0.077200 ms MarkObjects: 1.553900 ms  DeleteObjects: 0.014800 ms)

========================================================================
Received Import Request.
  Time since last request: 38.426368 seconds.
  path: Assets/Prefabs/ShellExplosion.prefab
  artifactKey: Guid(89e78efe92dfe5a42837b392cdb0bf9e) Importer(815301076,1909f56bfc062723c751e8b465ee728b)
Start importing Assets/Prefabs/ShellExplosion.prefab using Guid(89e78efe92dfe5a42837b392cdb0bf9e) Importer(815301076,1909f56bfc062723c751e8b465ee728b)  -> (artifact id: '41690166812da39f1584bfdd301fa280') in 0.024095 seconds
  Import took 0.027821 seconds .

========================================================================
Received Import Request.
  Time since last request: 53.115111 seconds.
  path: Assets/Prefabs/ShellExplosion.prefab
  artifactKey: Guid(89e78efe92dfe5a42837b392cdb0bf9e) Importer(815301076,1909f56bfc062723c751e8b465ee728b)
Start importing Assets/Prefabs/ShellExplosion.prefab using Guid(89e78efe92dfe5a42837b392cdb0bf9e) Importer(815301076,1909f56bfc062723c751e8b465ee728b)  -> (artifact id: 'bf2924f9acfab415c7833d8f7ae8c5bd') in 0.003092 seconds
  Import took 0.006697 seconds .

========================================================================
Received Import Request.
  Time since last request: 0.022572 seconds.
  path: Assets/Prefabs/ShellExplosion.prefab
  artifactKey: Guid(89e78efe92dfe5a42837b392cdb0bf9e) Importer(815301076,1909f56bfc062723c751e8b465ee728b)
Start importing Assets/Prefabs/ShellExplosion.prefab using Guid(89e78efe92dfe5a42837b392cdb0bf9e) Importer(815301076,1909f56bfc062723c751e8b465ee728b)  -> (artifact id: 'bf2924f9acfab415c7833d8f7ae8c5bd') in 0.002793 seconds
  Import took 0.007372 seconds .

========================================================================
Received Import Request.
  Time since last request: 9.944562 seconds.
  path: Assets/Prefabs/TankExplosion.prefab
  artifactKey: Guid(ee49a9a8678ecf8468eb488e1ac8d42b) Importer(815301076,1909f56bfc062723c751e8b465ee728b)
Start importing Assets/Prefabs/TankExplosion.prefab using Guid(ee49a9a8678ecf8468eb488e1ac8d42b) Importer(815301076,1909f56bfc062723c751e8b465ee728b)  -> (artifact id: 'd2ebaf2f5f1a9b4c8cf484eb257b0443') in 0.002757 seconds
  Import took 0.006382 seconds .

========================================================================
Received Import Request.
  Time since last request: 0.018857 seconds.
  path: Assets/Prefabs/TankExplosion.prefab
  artifactKey: Guid(ee49a9a8678ecf8468eb488e1ac8d42b) Importer(815301076,1909f56bfc062723c751e8b465ee728b)
Start importing Assets/Prefabs/TankExplosion.prefab using Guid(ee49a9a8678ecf8468eb488e1ac8d42b) Importer(815301076,1909f56bfc062723c751e8b465ee728b)  -> (artifact id: 'd2ebaf2f5f1a9b4c8cf484eb257b0443') in 0.003065 seconds
  Import took 0.006784 seconds .

========================================================================
Received Prepare
Registering precompiled user dll's ...
Registered in 0.003641 seconds.
Begin MonoManager ReloadAssembly
Native extension for WindowsStandalone target not found
Refreshing native plugins compatible for Editor in 0.28 ms, found 2 plugins.
Preloading 0 native plugins for Editor in 0.00 ms.
Invoked RoslynAnalysisRunner static constructor.
RoslynAnalysisRunner will not be running.
RoslynAnalysisRunner has terminated.
Mono: successfully reloaded assembly
- Completed reload, in  0.707 seconds
Platform modules already initialized, skipping
Refreshing native plugins compatible for Editor in 0.28 ms, found 2 plugins.
Preloading 0 native plugins for Editor in 0.00 ms.
Unloading 1480 Unused Serialized files (Serialized files now loaded: 0)
System memory in use before: 79.0 MB.
System memory in use after: 79.1 MB.

Unloading 13 unused Assets to reduce memory usage. Loaded Objects now: 2104.
Total: 1.614700 ms (FindLiveObjects: 0.128800 ms CreateObjectMapping: 0.043800 ms MarkObjects: 1.428600 ms  DeleteObjects: 0.012800 ms)

========================================================================
Received Prepare
Registering precompiled user dll's ...
Registered in 0.002626 seconds.
Begin MonoManager ReloadAssembly
Native extension for WindowsStandalone target not found
Refreshing native plugins compatible for Editor in 0.28 ms, found 2 plugins.
Preloading 0 native plugins for Editor in 0.00 ms.
Invoked RoslynAnalysisRunner static constructor.
RoslynAnalysisRunner will not be running.
RoslynAnalysisRunner has terminated.
Mono: successfully reloaded assembly
- Completed reload, in  0.709 seconds
Platform modules already initialized, skipping
Refreshing native plugins compatible for Editor in 0.27 ms, found 2 plugins.
Preloading 0 native plugins for Editor in 0.00 ms.
Unloading 1480 Unused Serialized files (Serialized files now loaded: 0)
System memory in use before: 79.0 MB.
System memory in use after: 79.1 MB.

Unloading 13 unused Assets to reduce memory usage. Loaded Objects now: 2107.
Total: 1.431000 ms (FindLiveObjects: 0.134400 ms CreateObjectMapping: 0.045100 ms MarkObjects: 1.238300 ms  DeleteObjects: 0.012500 ms)

========================================================================
Received Import Request.
  Time since last request: 168.654917 seconds.
  path: Assets/Prefabs/TankExplosion.prefab
  artifactKey: Guid(ee49a9a8678ecf8468eb488e1ac8d42b) Importer(815301076,1909f56bfc062723c751e8b465ee728b)
Start importing Assets/Prefabs/TankExplosion.prefab using Guid(ee49a9a8678ecf8468eb488e1ac8d42b) Importer(815301076,1909f56bfc062723c751e8b465ee728b)  -> (artifact id: '3f37a1f79e55ea571fda470f9775e82a') in 0.021525 seconds
  Import took 0.025315 seconds .

========================================================================
Received Prepare
Registering precompiled user dll's ...
Registered in 0.002520 seconds.
Begin MonoManager ReloadAssembly
Native extension for WindowsStandalone target not found
Refreshing native plugins compatible for Editor in 0.28 ms, found 2 plugins.
Preloading 0 native plugins for Editor in 0.00 ms.
Invoked RoslynAnalysisRunner static constructor.
RoslynAnalysisRunner will not be running.
RoslynAnalysisRunner has terminated.
Mono: successfully reloaded assembly
- Completed reload, in  0.706 seconds
Platform modules already initialized, skipping
Refreshing native plugins compatible for Editor in 0.27 ms, found 2 plugins.
Preloading 0 native plugins for Editor in 0.00 ms.
Unloading 1480 Unused Serialized files (Serialized files now loaded: 0)
System memory in use before: 79.0 MB.
System memory in use after: 79.1 MB.

Unloading 13 unused Assets to reduce memory usage. Loaded Objects now: 2110.
Total: 1.880300 ms (FindLiveObjects: 0.296800 ms CreateObjectMapping: 0.137700 ms MarkObjects: 1.431300 ms  DeleteObjects: 0.013600 ms)

========================================================================
Received Prepare
Registering precompiled user dll's ...
Registered in 0.002542 seconds.
Begin MonoManager ReloadAssembly
Native extension for WindowsStandalone target not found
Refreshing native plugins compatible for Editor in 0.28 ms, found 2 plugins.
Preloading 0 native plugins for Editor in 0.00 ms.
Invoked RoslynAnalysisRunner static constructor.
RoslynAnalysisRunner will not be running.
RoslynAnalysisRunner has terminated.
Mono: successfully reloaded assembly
- Completed reload, in  0.726 seconds
Platform modules already initialized, skipping
Refreshing native plugins compatible for Editor in 0.27 ms, found 2 plugins.
Preloading 0 native plugins for Editor in 0.00 ms.
Unloading 1480 Unused Serialized files (Serialized files now loaded: 0)
System memory in use before: 79.0 MB.
System memory in use after: 79.1 MB.

Unloading 13 unused Assets to reduce memory usage. Loaded Objects now: 2113.
Total: 1.583900 ms (FindLiveObjects: 0.141100 ms CreateObjectMapping: 0.047300 ms MarkObjects: 1.381100 ms  DeleteObjects: 0.013500 ms)

========================================================================
Received Prepare
Registering precompiled user dll's ...
Registered in 0.002546 seconds.
Begin MonoManager ReloadAssembly
Native extension for WindowsStandalone target not found
Refreshing native plugins compatible for Editor in 0.30 ms, found 2 plugins.
Preloading 0 native plugins for Editor in 0.00 ms.
Invoked RoslynAnalysisRunner static constructor.
RoslynAnalysisRunner will not be running.
RoslynAnalysisRunner has terminated.
Mono: successfully reloaded assembly
- Completed reload, in  0.812 seconds
Platform modules already initialized, skipping
Refreshing native plugins compatible for Editor in 0.32 ms, found 2 plugins.
Preloading 0 native plugins for Editor in 0.00 ms.
Unloading 1480 Unused Serialized files (Serialized files now loaded: 0)
System memory in use before: 79.0 MB.
System memory in use after: 79.1 MB.

Unloading 13 unused Assets to reduce memory usage. Loaded Objects now: 2116.
Total: 1.666700 ms (FindLiveObjects: 0.145300 ms CreateObjectMapping: 0.042500 ms MarkObjects: 1.463700 ms  DeleteObjects: 0.014300 ms)

========================================================================
Received Import Request.
  Time since last request: 166.530813 seconds.
  path: Assets/Prefabs/ShellExplosion.prefab
  artifactKey: Guid(89e78efe92dfe5a42837b392cdb0bf9e) Importer(815301076,1909f56bfc062723c751e8b465ee728b)
Start importing Assets/Prefabs/ShellExplosion.prefab using Guid(89e78efe92dfe5a42837b392cdb0bf9e) Importer(815301076,1909f56bfc062723c751e8b465ee728b)  -> (artifact id: '574802d1d8b661bf14b73746796530d3') in 0.025681 seconds
  Import took 0.029553 seconds .

========================================================================
Received Prepare
Registering precompiled user dll's ...
Registered in 0.002523 seconds.
Begin MonoManager ReloadAssembly
Native extension for WindowsStandalone target not found
Refreshing native plugins compatible for Editor in 0.40 ms, found 2 plugins.
Preloading 0 native plugins for Editor in 0.00 ms.
Invoked RoslynAnalysisRunner static constructor.
RoslynAnalysisRunner will not be running.
RoslynAnalysisRunner has terminated.
Mono: successfully reloaded assembly
- Completed reload, in  0.787 seconds
Platform modules already initialized, skipping
Refreshing native plugins compatible for Editor in 0.32 ms, found 2 plugins.
Preloading 0 native plugins for Editor in 0.00 ms.
Unloading 1480 Unused Serialized files (Serialized files now loaded: 0)
System memory in use before: 79.0 MB.
System memory in use after: 79.1 MB.

Unloading 13 unused Assets to reduce memory usage. Loaded Objects now: 2119.
Total: 1.812800 ms (FindLiveObjects: 0.228900 ms CreateObjectMapping: 0.054500 ms MarkObjects: 1.511400 ms  DeleteObjects: 0.016700 ms)

========================================================================
Received Prepare
Registering precompiled user dll's ...
Registered in 0.002538 seconds.
Begin MonoManager ReloadAssembly
Native extension for WindowsStandalone target not found
Refreshing native plugins compatible for Editor in 0.27 ms, found 2 plugins.
Preloading 0 native plugins for Editor in 0.00 ms.
Invoked RoslynAnalysisRunner static constructor.
RoslynAnalysisRunner will not be running.
RoslynAnalysisRunner has terminated.
Mono: successfully reloaded assembly
- Completed reload, in  0.731 seconds
Platform modules already initialized, skipping
Refreshing native plugins compatible for Editor in 0.28 ms, found 2 plugins.
Preloading 0 native plugins for Editor in 0.00 ms.
Unloading 1480 Unused Serialized files (Serialized files now loaded: 0)
System memory in use before: 79.0 MB.
System memory in use after: 79.1 MB.

Unloading 13 unused Assets to reduce memory usage. Loaded Objects now: 2122.
Total: 1.797500 ms (FindLiveObjects: 0.220900 ms CreateObjectMapping: 0.071600 ms MarkObjects: 1.490100 ms  DeleteObjects: 0.014200 ms)

========================================================================
Received Prepare
Registering precompiled user dll's ...
Registered in 0.002565 seconds.
Begin MonoManager ReloadAssembly
Native extension for WindowsStandalone target not found
Refreshing native plugins compatible for Editor in 0.28 ms, found 2 plugins.
Preloading 0 native plugins for Editor in 0.00 ms.
Invoked RoslynAnalysisRunner static constructor.
RoslynAnalysisRunner will not be running.
RoslynAnalysisRunner has terminated.
Mono: successfully reloaded assembly
- Completed reload, in  0.718 seconds
Platform modules already initialized, skipping
Refreshing native plugins compatible for Editor in 0.27 ms, found 2 plugins.
Preloading 0 native plugins for Editor in 0.00 ms.
Unloading 1480 Unused Serialized files (Serialized files now loaded: 0)
System memory in use before: 79.0 MB.
System memory in use after: 79.1 MB.

Unloading 13 unused Assets to reduce memory usage. Loaded Objects now: 2125.
Total: 1.700800 ms (FindLiveObjects: 0.165700 ms CreateObjectMapping: 0.044800 ms MarkObjects: 1.476300 ms  DeleteObjects: 0.013200 ms)

========================================================================
Received Prepare
Registering precompiled user dll's ...
Registered in 0.002591 seconds.
Begin MonoManager ReloadAssembly
Native extension for WindowsStandalone target not found
Refreshing native plugins compatible for Editor in 0.29 ms, found 2 plugins.
Preloading 0 native plugins for Editor in 0.00 ms.
Invoked RoslynAnalysisRunner static constructor.
RoslynAnalysisRunner will not be running.
RoslynAnalysisRunner has terminated.
Mono: successfully reloaded assembly
- Completed reload, in  0.744 seconds
Platform modules already initialized, skipping
Refreshing native plugins compatible for Editor in 0.27 ms, found 2 plugins.
Preloading 0 native plugins for Editor in 0.00 ms.
Unloading 1480 Unused Serialized files (Serialized files now loaded: 0)
System memory in use before: 79.0 MB.
System memory in use after: 79.1 MB.

Unloading 13 unused Assets to reduce memory usage. Loaded Objects now: 2128.
Total: 1.855200 ms (FindLiveObjects: 0.151600 ms CreateObjectMapping: 0.046200 ms MarkObjects: 1.636900 ms  DeleteObjects: 0.019500 ms)

========================================================================
Received Prepare
Registering precompiled user dll's ...
Registered in 0.002444 seconds.
Begin MonoManager ReloadAssembly
Native extension for WindowsStandalone target not found
Refreshing native plugins compatible for Editor in 0.44 ms, found 2 plugins.
Preloading 0 native plugins for Editor in 0.00 ms.
Invoked RoslynAnalysisRunner static constructor.
RoslynAnalysisRunner will not be running.
RoslynAnalysisRunner has terminated.
Mono: successfully reloaded assembly
- Completed reload, in  0.807 seconds
Platform modules already initialized, skipping
Refreshing native plugins compatible for Editor in 0.28 ms, found 2 plugins.
Preloading 0 native plugins for Editor in 0.00 ms.
Unloading 1480 Unused Serialized files (Serialized files now loaded: 0)
System memory in use before: 79.0 MB.
System memory in use after: 79.1 MB.

Unloading 13 unused Assets to reduce memory usage. Loaded Objects now: 2131.
Total: 1.510000 ms (FindLiveObjects: 0.135100 ms CreateObjectMapping: 0.042900 ms MarkObjects: 1.316700 ms  DeleteObjects: 0.014300 ms)

========================================================================
Received Prepare
Registering precompiled user dll's ...
Registered in 0.002646 seconds.
Begin MonoManager ReloadAssembly
Native extension for WindowsStandalone target not found
Refreshing native plugins compatible for Editor in 0.28 ms, found 2 plugins.
Preloading 0 native plugins for Editor in 0.00 ms.
Invoked RoslynAnalysisRunner static constructor.
RoslynAnalysisRunner will not be running.
RoslynAnalysisRunner has terminated.
Mono: successfully reloaded assembly
- Completed reload, in  0.755 seconds
Platform modules already initialized, skipping
Refreshing native plugins compatible for Editor in 0.28 ms, found 2 plugins.
Preloading 0 native plugins for Editor in 0.00 ms.
Unloading 1480 Unused Serialized files (Serialized files now loaded: 0)
System memory in use before: 79.0 MB.
System memory in use after: 79.1 MB.

Unloading 13 unused Assets to reduce memory usage. Loaded Objects now: 2134.
Total: 1.965700 ms (FindLiveObjects: 0.263400 ms CreateObjectMapping: 0.097100 ms MarkObjects: 1.588600 ms  DeleteObjects: 0.015800 ms)

========================================================================
Received Prepare
Registering precompiled user dll's ...
Registered in 0.002734 seconds.
Begin MonoManager ReloadAssembly
Native extension for WindowsStandalone target not found
Refreshing native plugins compatible for Editor in 0.27 ms, found 2 plugins.
Preloading 0 native plugins for Editor in 0.00 ms.
Invoked RoslynAnalysisRunner static constructor.
RoslynAnalysisRunner will not be running.
RoslynAnalysisRunner has terminated.
Mono: successfully reloaded assembly
- Completed reload, in  0.702 seconds
Platform modules already initialized, skipping
Refreshing native plugins compatible for Editor in 0.28 ms, found 2 plugins.
Preloading 0 native plugins for Editor in 0.00 ms.
Unloading 1480 Unused Serialized files (Serialized files now loaded: 0)
System memory in use before: 79.0 MB.
System memory in use after: 79.2 MB.

Unloading 13 unused Assets to reduce memory usage. Loaded Objects now: 2137.
Total: 1.395400 ms (FindLiveObjects: 0.125400 ms CreateObjectMapping: 0.041900 ms MarkObjects: 1.215300 ms  DeleteObjects: 0.011700 ms)

========================================================================
Received Prepare
Registering precompiled user dll's ...
Registered in 0.002524 seconds.
Begin MonoManager ReloadAssembly
Native extension for WindowsStandalone target not found
Refreshing native plugins compatible for Editor in 0.29 ms, found 2 plugins.
Preloading 0 native plugins for Editor in 0.00 ms.
Invoked RoslynAnalysisRunner static constructor.
RoslynAnalysisRunner will not be running.
RoslynAnalysisRunner has terminated.
Mono: successfully reloaded assembly
- Completed reload, in  0.734 seconds
Platform modules already initialized, skipping
Refreshing native plugins compatible for Editor in 0.27 ms, found 2 plugins.
Preloading 0 native plugins for Editor in 0.00 ms.
Unloading 1480 Unused Serialized files (Serialized files now loaded: 0)
System memory in use before: 79.0 MB.
System memory in use after: 79.1 MB.

Unloading 13 unused Assets to reduce memory usage. Loaded Objects now: 2140.
Total: 1.713500 ms (FindLiveObjects: 0.144300 ms CreateObjectMapping: 0.045100 ms MarkObjects: 1.509600 ms  DeleteObjects: 0.013500 ms)

========================================================================
Received Prepare
Registering precompiled user dll's ...
Registered in 0.002495 seconds.
Begin MonoManager ReloadAssembly
Native extension for WindowsStandalone target not found
Refreshing native plugins compatible for Editor in 0.31 ms, found 2 plugins.
Preloading 0 native plugins for Editor in 0.00 ms.
Invoked RoslynAnalysisRunner static constructor.
RoslynAnalysisRunner will not be running.
RoslynAnalysisRunner has terminated.
Mono: successfully reloaded assembly
- Completed reload, in  0.791 seconds
Platform modules already initialized, skipping
Refreshing native plugins compatible for Editor in 0.32 ms, found 2 plugins.
Preloading 0 native plugins for Editor in 0.00 ms.
Unloading 1480 Unused Serialized files (Serialized files now loaded: 0)
System memory in use before: 79.1 MB.
System memory in use after: 79.2 MB.

Unloading 13 unused Assets to reduce memory usage. Loaded Objects now: 2143.
Total: 1.450800 ms (FindLiveObjects: 0.140300 ms CreateObjectMapping: 0.039800 ms MarkObjects: 1.257500 ms  DeleteObjects: 0.012500 ms)

========================================================================
Received Import Request.
  Time since last request: 402.200811 seconds.
  path: Assets/Prefabs/ShellExplosion.prefab
  artifactKey: Guid(89e78efe92dfe5a42837b392cdb0bf9e) Importer(815301076,1909f56bfc062723c751e8b465ee728b)
Start importing Assets/Prefabs/ShellExplosion.prefab using Guid(89e78efe92dfe5a42837b392cdb0bf9e) Importer(815301076,1909f56bfc062723c751e8b465ee728b)  -> (artifact id: '5f99e0adb61aaa1ddfec1b64c1bda318') in 0.024479 seconds
  Import took 0.028425 seconds .

========================================================================
Received Prepare
Registering precompiled user dll's ...
Registered in 0.002479 seconds.
Begin MonoManager ReloadAssembly
Native extension for WindowsStandalone target not found
Refreshing native plugins compatible for Editor in 0.54 ms, found 2 plugins.
Preloading 0 native plugins for Editor in 0.00 ms.
Invoked RoslynAnalysisRunner static constructor.
RoslynAnalysisRunner will not be running.
RoslynAnalysisRunner has terminated.
Mono: successfully reloaded assembly
- Completed reload, in  0.798 seconds
Platform modules already initialized, skipping
Refreshing native plugins compatible for Editor in 0.28 ms, found 2 plugins.
Preloading 0 native plugins for Editor in 0.00 ms.
Unloading 1480 Unused Serialized files (Serialized files now loaded: 0)
System memory in use before: 79.1 MB.
System memory in use after: 79.2 MB.

Unloading 13 unused Assets to reduce memory usage. Loaded Objects now: 2146.
Total: 1.948100 ms (FindLiveObjects: 0.320400 ms CreateObjectMapping: 0.056800 ms MarkObjects: 1.553100 ms  DeleteObjects: 0.016200 ms)

========================================================================
Received Import Request.
  Time since last request: 13.871325 seconds.
  path: Assets/Prefabs/ShellExplosion.prefab
  artifactKey: Guid(89e78efe92dfe5a42837b392cdb0bf9e) Importer(815301076,1909f56bfc062723c751e8b465ee728b)
Start importing Assets/Prefabs/ShellExplosion.prefab using Guid(89e78efe92dfe5a42837b392cdb0bf9e) Importer(815301076,1909f56bfc062723c751e8b465ee728b)  -> (artifact id: '4e7678c37f67bdfbea0d04cfb397daf2') in 0.025636 seconds
  Import took 0.029572 seconds .

========================================================================
Received Import Request.
  Time since last request: 25.779432 seconds.
  path: Assets/Prefabs/TankExplosion.prefab
  artifactKey: Guid(ee49a9a8678ecf8468eb488e1ac8d42b) Importer(815301076,1909f56bfc062723c751e8b465ee728b)
Start importing Assets/Prefabs/TankExplosion.prefab using Guid(ee49a9a8678ecf8468eb488e1ac8d42b) Importer(815301076,1909f56bfc062723c751e8b465ee728b)  -> (artifact id: '52d6b81ec531dc364b17e91268c3d690') in 0.002697 seconds
  Import took 0.006455 seconds .

========================================================================
Received Import Request.
  Time since last request: 0.018795 seconds.
  path: Assets/Prefabs/TankExplosion.prefab
  artifactKey: Guid(ee49a9a8678ecf8468eb488e1ac8d42b) Importer(815301076,1909f56bfc062723c751e8b465ee728b)
Start importing Assets/Prefabs/TankExplosion.prefab using Guid(ee49a9a8678ecf8468eb488e1ac8d42b) Importer(815301076,1909f56bfc062723c751e8b465ee728b)  -> (artifact id: '52d6b81ec531dc364b17e91268c3d690') in 0.002687 seconds
  Import took 0.006557 seconds .

========================================================================
Received Prepare
Registering precompiled user dll's ...
Registered in 0.003869 seconds.
Begin MonoManager ReloadAssembly
Native extension for WindowsStandalone target not found
Refreshing native plugins compatible for Editor in 0.28 ms, found 2 plugins.
Preloading 0 native plugins for Editor in 0.00 ms.
Invoked RoslynAnalysisRunner static constructor.
RoslynAnalysisRunner will not be running.
RoslynAnalysisRunner has terminated.
Mono: successfully reloaded assembly
- Completed reload, in  0.718 seconds
Platform modules already initialized, skipping
Refreshing native plugins compatible for Editor in 0.29 ms, found 2 plugins.
Preloading 0 native plugins for Editor in 0.00 ms.
Unloading 1480 Unused Serialized files (Serialized files now loaded: 0)
System memory in use before: 79.1 MB.
System memory in use after: 79.2 MB.

Unloading 13 unused Assets to reduce memory usage. Loaded Objects now: 2149.
Total: 1.454800 ms (FindLiveObjects: 0.131000 ms CreateObjectMapping: 0.039500 ms MarkObjects: 1.270800 ms  DeleteObjects: 0.012700 ms)

========================================================================
Received Prepare
Registering precompiled user dll's ...
Registered in 0.002671 seconds.
Begin MonoManager ReloadAssembly
Native extension for WindowsStandalone target not found
Refreshing native plugins compatible for Editor in 0.28 ms, found 2 plugins.
Preloading 0 native plugins for Editor in 0.00 ms.
Invoked RoslynAnalysisRunner static constructor.
RoslynAnalysisRunner will not be running.
RoslynAnalysisRunner has terminated.
Mono: successfully reloaded assembly
- Completed reload, in  0.739 seconds
Platform modules already initialized, skipping
Refreshing native plugins compatible for Editor in 0.27 ms, found 2 plugins.
Preloading 0 native plugins for Editor in 0.00 ms.
Unloading 1480 Unused Serialized files (Serialized files now loaded: 0)
System memory in use before: 79.1 MB.
System memory in use after: 79.2 MB.

Unloading 13 unused Assets to reduce memory usage. Loaded Objects now: 2152.
Total: 1.668300 ms (FindLiveObjects: 0.149100 ms CreateObjectMapping: 0.044600 ms MarkObjects: 1.460000 ms  DeleteObjects: 0.013900 ms)

========================================================================
Received Prepare
Registering precompiled user dll's ...
Registered in 0.002775 seconds.
Begin MonoManager ReloadAssembly
Native extension for WindowsStandalone target not found
Refreshing native plugins compatible for Editor in 0.29 ms, found 2 plugins.
Preloading 0 native plugins for Editor in 0.00 ms.
Invoked RoslynAnalysisRunner static constructor.
RoslynAnalysisRunner will not be running.
RoslynAnalysisRunner has terminated.
Mono: successfully reloaded assembly
- Completed reload, in  0.811 seconds
Platform modules already initialized, skipping
Refreshing native plugins compatible for Editor in 0.29 ms, found 2 plugins.
Preloading 0 native plugins for Editor in 0.00 ms.
Unloading 1480 Unused Serialized files (Serialized files now loaded: 0)
System memory in use before: 79.1 MB.
System memory in use after: 79.2 MB.

Unloading 13 unused Assets to reduce memory usage. Loaded Objects now: 2155.
Total: 1.968200 ms (FindLiveObjects: 0.277700 ms CreateObjectMapping: 0.073000 ms MarkObjects: 1.601100 ms  DeleteObjects: 0.015400 ms)

========================================================================
Received Prepare
Registering precompiled user dll's ...
Registered in 0.003897 seconds.
Begin MonoManager ReloadAssembly
Native extension for WindowsStandalone target not found
Refreshing native plugins compatible for Editor in 0.38 ms, found 2 plugins.
Preloading 0 native plugins for Editor in 0.00 ms.
Invoked RoslynAnalysisRunner static constructor.
RoslynAnalysisRunner will not be running.
RoslynAnalysisRunner has terminated.
Mono: successfully reloaded assembly
- Completed reload, in  0.800 seconds
Platform modules already initialized, skipping
Refreshing native plugins compatible for Editor in 0.38 ms, found 2 plugins.
Preloading 0 native plugins for Editor in 0.00 ms.
Unloading 1480 Unused Serialized files (Serialized files now loaded: 0)
System memory in use before: 79.1 MB.
System memory in use after: 79.2 MB.

Unloading 13 unused Assets to reduce memory usage. Loaded Objects now: 2158.
Total: 1.735200 ms (FindLiveObjects: 0.171200 ms CreateObjectMapping: 0.057300 ms MarkObjects: 1.488400 ms  DeleteObjects: 0.017100 ms)

AssetImportWorkerClient::OnTransportError - code=2 error=End of file
